"../../../../Unreal Projects/Underwater/Content/Audio/Test_Audio/Haaaayaaayaaahaaaa.uasset" 0
"../../../Engine/Content/EditorBlueprintResources/StandardMacros.uasset" 1
"../../../../Unreal Projects/Underwater/Content/Blueprints/Interaction/BPI_Interact.uasset" 2
"../../../../Unreal Projects/Underwater/Content/Blueprints/Interaction/BP_Interactable.uasset" 3
"../../../../Unreal Projects/Underwater/Content/Blueprints/Interaction/FindInteractableVariables.uasset" 4
"../../../Engine/Content/Functions/Engine_MaterialFunctions02/Utility/BlendAngleCorrectedNormals.uasset" 5
"../../../Engine/Content/Functions/MaterialLayerFunctions/MatLayerBlend_NormalBlend.uasset" 6
"../../../Engine/Content/Functions/MaterialLayerFunctions/MatLayerBlend_Simple.uasset" 7
"../../../../Unreal Projects/Underwater/Content/StarterContent/Mannequin/Character/Materials/MaterialLayers/T_ML_Rubber_Blue_01_D.uasset" 8
"../../../../Unreal Projects/Underwater/Content/StarterContent/Mannequin/Character/Materials/MaterialLayers/T_ML_Rubber_Blue_01_N.uasset" 9
"../../../../Unreal Projects/Underwater/Content/StarterContent/Mannequin/Character/Materials/MaterialLayers/ML_GlossyBlack_Latex_UE4.uasset" 10
"../../../../Unreal Projects/Underwater/Content/StarterContent/Mannequin/Character/Materials/MaterialLayers/ML_Plastic_Shiny_Beige.uasset" 11
"../../../../Unreal Projects/Underwater/Content/StarterContent/Mannequin/Character/Textures/UE4_LOGO_CARD.uasset" 12
"../../../../Unreal Projects/Underwater/Content/StarterContent/Mannequin/Character/Materials/MaterialLayers/ML_Plastic_Shiny_Beige_LOGO.uasset" 13
"../../../../Unreal Projects/Underwater/Content/StarterContent/Mannequin/Character/Materials/MaterialLayers/T_ML_Aluminum01.uasset" 14
"../../../../Unreal Projects/Underwater/Content/StarterContent/Mannequin/Character/Materials/MaterialLayers/T_ML_Aluminum01_N.uasset" 15
"../../../../Unreal Projects/Underwater/Content/StarterContent/Mannequin/Character/Materials/MaterialLayers/ML_SoftMetal_UE4.uasset" 16
"../../../../Unreal Projects/Underwater/Content/StarterContent/Mannequin/Character/Textures/UE4_Mannequin__normals.uasset" 17
"../../../../Unreal Projects/Underwater/Content/StarterContent/Mannequin/Character/Textures/UE4_Mannequin_MAT_MASKA.uasset" 18
"../../../../Unreal Projects/Underwater/Content/StarterContent/Mannequin/Character/Materials/M_UE4Man_Body.uasset" 19
"../../../../Unreal Projects/Underwater/Content/StarterContent/Mannequin/Character/Textures/UE4Man_Logo_N.uasset" 20
"../../../../Unreal Projects/Underwater/Content/StarterContent/Mannequin/Character/Materials/M_UE4Man_ChestLogo.uasset" 21
"../../../../Unreal Projects/Underwater/Content/StarterContent/Mannequin/Character/Mesh/SK_Mannequin_PhysicsAsset.uasset" 22
"../../../../Unreal Projects/Underwater/Content/StarterContent/Mannequin/Character/Mesh/UE4_Mannequin_Skeleton.uasset" 23
"../../../../Unreal Projects/Underwater/Content/StarterContent/Mannequin/Character/Mesh/SK_Mannequin.uasset" 24
"../../../../Unreal Projects/Underwater/Content/Blueprints/Player1.uasset" 25
"../../../../Unreal Projects/Underwater/Content/Blueprints/GameMode.uasset" 26
"../../../Engine/Content/Animation/DefaultAnimBoneCompressionSettings.uasset" 27
"../../../../Unreal Projects/Underwater/Content/DemoContent/Mannequin/Mesh/UE4_Mannequin_Skeleton.uasset" 28
"../../../../Unreal Projects/Underwater/Content/DemoContent/Animations/Idle_Rifle_Hip_Anim.uasset" 29
"../../../../Unreal Projects/Underwater/Content/DemoContent/Animations/Aim_Hip_Center_Anim.uasset" 30
"../../../../Unreal Projects/Underwater/Content/DemoContent/Animations/Aim_Hip_Down_Anim.uasset" 31
"../../../../Unreal Projects/Underwater/Content/DemoContent/Animations/Aim_Hip_Up_Anim.uasset" 32
"../../../../Unreal Projects/Underwater/Content/DemoContent/Animations/Equip_Rifle_Standing_Anim.uasset" 33
"../../../../Unreal Projects/Underwater/Content/DemoContent/Animations/Jump_End_Anim.uasset" 34
"../../../../Unreal Projects/Underwater/Content/DemoContent/Mannequin/Textures/T_UE4Man_Logo_N.uasset" 35
"../../../Engine/Content/Functions/Engine_MaterialFunctions02/Utility/BreakOutFloat3Components.uasset" 36
"../../../Engine/Content/Functions/Engine_MaterialFunctions02/Utility/MakeFloat3.uasset" 37
"../../../../Unreal Projects/Underwater/Content/Materials/Masters/Fonctions/MF_NormalIntensity.uasset" 38
"../../../Engine/Content/Functions/Engine_MaterialFunctions02/SafeNormalize.uasset" 39
"../../../Engine/Content/Functions/Engine_MaterialFunctions02/Math/CreateThirdOrthogonalVector.uasset" 40
"../../../Engine/Content/Functions/Engine_MaterialFunctions02/Math/InverseTransformMatrix.uasset" 41
"../../../Engine/Content/Functions/Engine_MaterialFunctions02/Math/TransformToZVector.uasset" 42
"../../../Engine/Content/Functions/Engine_MaterialFunctions02/Utility/CameraDirectionVector.uasset" 43
"../../../Engine/Content/Functions/Engine_MaterialFunctions02/Utility/VectorLength.uasset" 44
"../../../Engine/Content/EngineVolumetrics/Fogsheet/Materials/T_EV_BlankWhite_01.uasset" 45
"../../../Engine/Content/Functions/Engine_MaterialFunctions01/Texturing/ParallaxOcclusionMapping.uasset" 46
"../../../../Unreal Projects/Underwater/Content/Materials/Masters/Fonctions/MF_Parallax.uasset" 47
"../../../../Unreal Projects/Underwater/Content/Materials/Masters/Fonctions/MF_SpecularCorrection.uasset" 48
"../../../../Unreal Projects/Underwater/Content/Materials/Masters/Fonctions/MF_Tessellation_Fade.uasset" 49
"../../../../Unreal Projects/Underwater/Content/Materials/Masters/Fonctions/MF_Tessellation.uasset" 50
"../../../../Unreal Projects/Underwater/Content/Materials/Masters/MM_Material_Opti.uasset" 51
"../../../../Unreal Projects/Underwater/Content/Materials/MI_Material.uasset" 52
"../../../../Unreal Projects/Underwater/Content/Materials/Masters/MM_Material.uasset" 53
"../../../../Unreal Projects/Underwater/Content/Materials/Masters/Fonctions/MF_Tilling.uasset" 54
"../../../../Unreal Projects/Underwater/Content/Shaders/Textures/distortion.uasset" 55
"../../../../Unreal Projects/Underwater/Content/StarterContent/Materials/M_Basic_Wall.uasset" 56
"../../../../Unreal Projects/Underwater/Content/StarterContent/Architecture/Pillar_50x500.uasset" 57
"../../../../Unreal Projects/Underwater/Content/StarterContent/Architecture/Wall_400x400.uasset" 58
"../../../../Unreal Projects/Underwater/Content/StarterContent/Architecture/Wall_500x500.uasset" 59
"../../../../Unreal Projects/Underwater/Content/StarterContent/Architecture/Wall_Door_400x400.uasset" 60
"../../../../Unreal Projects/Underwater/Content/StarterContent/Architecture/Wall_Window_400x400.uasset" 61
"../../../../Unreal Projects/Underwater/Content/StarterContent/Audio/Collapse01.uasset" 62
"../../../../Unreal Projects/Underwater/Content/StarterContent/Audio/Collapse02.uasset" 63
"../../../../Unreal Projects/Underwater/Content/StarterContent/Audio/Explosion01.uasset" 64
"../../../../Unreal Projects/Underwater/Content/StarterContent/Audio/Explosion02.uasset" 65
"../../../../Unreal Projects/Underwater/Content/StarterContent/Audio/Light01.uasset" 66
"../../../../Unreal Projects/Underwater/Content/StarterContent/Audio/Light01_Cue.uasset" 67
"../../../../Unreal Projects/Underwater/Content/StarterContent/Audio/Light02.uasset" 68
"../../../../Unreal Projects/Underwater/Content/StarterContent/Audio/Light02_Cue.uasset" 69
"../../../../Unreal Projects/Underwater/Content/StarterContent/Audio/Explosion_Cue.uasset" 70
"../../../../Unreal Projects/Underwater/Content/StarterContent/Textures/T_Burst_M.uasset" 71
"../../../../Unreal Projects/Underwater/Content/StarterContent/Particles/Materials/M_Burst.uasset" 72
"../../../../Unreal Projects/Underwater/Content/StarterContent/Textures/T_Explosion_SubUV.uasset" 73
"../../../../Unreal Projects/Underwater/Content/StarterContent/Particles/Materials/M_explosion_subUV.uasset" 74
"../../../../Unreal Projects/Underwater/Content/StarterContent/Particles/Materials/m_flare_01.uasset" 75
"../../../Engine/Content/Functions/Engine_MaterialFunctions01/Gradient/RadialGradient.uasset" 76
"../../../../Unreal Projects/Underwater/Content/StarterContent/Particles/Materials/M_radial_ramp.uasset" 77
"../../../../Unreal Projects/Underwater/Content/StarterContent/Textures/T_Smoke_SubUV.uasset" 78
"../../../../Unreal Projects/Underwater/Content/StarterContent/Textures/T_Smoke_Tiled_D.uasset" 79
"../../../../Unreal Projects/Underwater/Content/StarterContent/Particles/Materials/M_smoke_subUV.uasset" 80
"../../../../Unreal Projects/Underwater/Content/StarterContent/Particles/P_Explosion.uasset" 81
"../../../../Unreal Projects/Underwater/Content/StarterContent/Blueprints/Blueprint_Effect_Explosion.uasset" 82
"../../../../Unreal Projects/Underwater/Content/StarterContent/Mannequin/Animations/ThirdPersonJump_End.uasset" 83
"../../../Engine/Content/EditorMeshes/ColorCalibrator/T_ColorGrid.uasset" 84
"../../../../Unreal Projects/Underwater/Content/StarterContent/Materials/M_ColorGrid_LowSpec.uasset" 85
"../../../../Unreal Projects/Underwater/Content/StarterContent/Materials/M_Wireframe.uasset" 86
"../../../../Unreal Projects/Underwater/Content/StarterContent/Textures/T_Bush_D.uasset" 87
"../../../../Unreal Projects/Underwater/Content/StarterContent/Textures/T_Bush_N.uasset" 88
"../../../../Unreal Projects/Underwater/Content/StarterContent/Props/Materials/M_Bush.uasset" 89
"../../../../Unreal Projects/Underwater/Content/StarterContent/Props/SM_Bush.uasset" 90
"../../../../Unreal Projects/Underwater/Content/StarterContent/Textures/T_Chair_M.uasset" 91
"../../../../Unreal Projects/Underwater/Content/StarterContent/Textures/T_Chair_N.uasset" 92
"../../../../Unreal Projects/Underwater/Content/StarterContent/Props/Materials/M_Chair.uasset" 93
"../../../../Unreal Projects/Underwater/Content/StarterContent/Props/SM_Couch.uasset" 94
"../../../../Unreal Projects/Underwater/Content/StarterContent/Materials/M_Glass.uasset" 95
"../../../../Unreal Projects/Underwater/Content/StarterContent/Textures/T_Door_M.uasset" 96
"../../../../Unreal Projects/Underwater/Content/StarterContent/Textures/T_Door_N.uasset" 97
"../../../../Unreal Projects/Underwater/Content/StarterContent/Props/Materials/M_Door.uasset" 98
"../../../../Unreal Projects/Underwater/Content/StarterContent/Props/SM_Door.uasset" 99
"../../../../Unreal Projects/Underwater/Content/StarterContent/Props/Materials/M_MaterialSphere.uasset" 100
"../../../../Unreal Projects/Underwater/Content/StarterContent/Props/Materials/M_MaterialSphere_Plain.uasset" 101
"../../../../Unreal Projects/Underwater/Content/StarterContent/Props/SM_MatPreviewMesh_02.uasset" 102
"../../../../Unreal Projects/Underwater/Content/StarterContent/Textures/T_Detail_Rocky_N.uasset" 103
"../../../../Unreal Projects/Underwater/Content/StarterContent/Textures/T_Rock_Basalt_D.uasset" 104
"../../../../Unreal Projects/Underwater/Content/StarterContent/Textures/T_RockMesh_M.uasset" 105
"../../../../Unreal Projects/Underwater/Content/StarterContent/Textures/T_RockMesh_N.uasset" 106
"../../../../Unreal Projects/Underwater/Content/StarterContent/Props/Materials/M_Rock.uasset" 107
"../../../../Unreal Projects/Underwater/Content/StarterContent/Props/SM_Rock.uasset" 108
"../../../../Unreal Projects/Underwater/Content/StarterContent/Textures/T_Shelf_M.uasset" 109
"../../../../Unreal Projects/Underwater/Content/StarterContent/Textures/T_Shelf_N.uasset" 110
"../../../../Unreal Projects/Underwater/Content/StarterContent/Props/Materials/M_Shelf.uasset" 111
"../../../../Unreal Projects/Underwater/Content/StarterContent/Props/SM_Shelf.uasset" 112
"../../../../Unreal Projects/Underwater/Content/StarterContent/Materials/M_Basic_Floor.uasset" 113
"../../../../Unreal Projects/Underwater/Content/StarterContent/Props/SM_Stairs.uasset" 114
"../../../../Unreal Projects/Underwater/Content/StarterContent/Shapes/Shape_Cone.uasset" 115
"../../../../Unreal Projects/Underwater/Content/StarterContent/Shapes/Shape_Cylinder.uasset" 116
"../../../../Unreal Projects/Underwater/Content/StarterContent/Shapes/Shape_NarrowCapsule.uasset" 117
"../../../../Unreal Projects/Underwater/Content/StarterContent/Shapes/Shape_Pipe.uasset" 118
"../../../../Unreal Projects/Underwater/Content/StarterContent/Shapes/Shape_Pipe_180.uasset" 119
"../../../../Unreal Projects/Underwater/Content/StarterContent/Shapes/Shape_Pipe_90.uasset" 120
"../../../../Unreal Projects/Underwater/Content/StarterContent/Shapes/Shape_Plane.uasset" 121
"../../../../Unreal Projects/Underwater/Content/StarterContent/Shapes/Shape_Torus.uasset" 122
"../../../../Unreal Projects/Underwater/Content/StarterContent/Shapes/Shape_Trim.uasset" 123
"../../../../Unreal Projects/Underwater/Content/StarterContent/Shapes/Shape_Trim_90_In.uasset" 124
"../../../../Unreal Projects/Underwater/Content/StarterContent/Shapes/Shape_Trim_90_Out.uasset" 125
"../../../../Unreal Projects/Underwater/Content/StarterContent/Shapes/Shape_TriPyramid.uasset" 126
"../../../../Unreal Projects/Underwater/Content/StarterContent/Shapes/Shape_Tube.uasset" 127
"../../../../Unreal Projects/Underwater/Content/StarterContent/Shapes/Shape_Wedge_A.uasset" 128
"../../../../Unreal Projects/Underwater/Content/StarterContent/Shapes/Shape_Wedge_B.uasset" 129
"../../../../Unreal Projects/Underwater/Content/StarterContent/Shapes/Shape_WideCapsule.uasset" 130
"../../../../Unreal Projects/Underwater/Content/StarterContent/ThirdPersonBP/ThirdPersonOverview.uasset" 131
"../../../../Unreal Projects/Underwater/Content/StarterContent/ThirdPersonBP/Blueprints/ThirdPersonGameMode.uasset" 132
"../../../../Unreal Projects/Underwater/Content/_Marvelmaster_infinite_reactive_water_/Textures/water_normal.uasset" 133
"../../../../Unreal Projects/Underwater/Content/_Marvelmaster_infinite_reactive_water_/Materials/ParticleMaterials/Splash_mat.uasset" 134
"../../../../Unreal Projects/Underwater/Content/_Marvelmaster_infinite_reactive_water_/Meshes/Splash2.uasset" 135
"../../../Engine/Content/Functions/Engine_MaterialFunctions01/Density/ExponentialDensity.uasset" 136
"../../../Engine/Content/Functions/Engine_MaterialFunctions01/Gradient/RadialGradientExponential.uasset" 137
"../../../Engine/Content/Functions/Engine_MaterialFunctions02/Texturing/ScreenAlignedPixelToPixelUVs.uasset" 138
"../../../Engine/Content/EngineMaterials/Good64x64TilingNoiseHighFreq.uasset" 139
"../../../Engine/Content/Functions/Engine_MaterialFunctions02/Utility/DitherTemporalAA.uasset" 140
"../../../../Unreal Projects/Underwater/Content/_Marvelmaster_infinite_reactive_water_/Materials/ParticleMaterials/water_emitter_mat.uasset" 141
"../../../../Unreal Projects/Underwater/Content/_Marvelmaster_infinite_reactive_water_/Materials/ParticleMaterials/water_emitter_mat_Inst.uasset" 142
"../../../Engine/Content/EngineMeshes/Sphere.uasset" 143
"../../../../Unreal Projects/Underwater/Content/_Marvelmaster_infinite_reactive_water_/Particles/Bubbles_PS.uasset" 144
"../../../../Unreal Projects/Underwater/Content/_Marvelmaster_infinite_reactive_water_/Textures/sand_01_Height.uasset" 145
"../../../../Unreal Projects/Underwater/Content/_Marvelmaster_infinite_reactive_water_/Textures/sand_01_Roughness.uasset" 146
"../../../../Unreal Projects/Underwater/Content/_Marvelmaster_infinite_reactive_water_/Textures/sand_01_wet_Roughness.uasset" 147
"../../../../Unreal Projects/Underwater/Content/_Marvelmaster_infinite_reactive_water_/ThirdPersonBP/Mannequin/Character/Mesh/Water_UE4_Mannequin_Skeleton.uasset" 148
"../../../../Unreal Projects/Underwater/Content/_Marvelmaster_infinite_reactive_water_/ThirdPersonBP/Mannequin/Animations/ThirdPersonWalk.uasset" 149
"../../../../Unreal Projects/Underwater/Content/_Marvelmaster_infinite_reactive_water_/ThirdPersonBP/Mannequin/Animations/ThirdPersonWalk1.uasset" 150
"../../../Engine/Content/Animation/DefaultAnimCurveCompressionSettings.uasset" 151
"../../../Engine/Content/Functions/Engine_MaterialFunctions01/Opacity/CameraDepthFade.uasset" 152
"../../../Engine/Content/EngineMaterials/T_Default_Material_Grid_M.uasset" 153
"../../../Engine/Content/EngineMaterials/T_Default_Material_Grid_N.uasset" 154
"../../../Engine/Content/EngineMaterials/WorldGridMaterial.uasset" 155
"../../../Engine/Content/ArtTools/RenderToTexture/Meshes/S_1_Unit_Plane.uasset" 156
"../../../Engine/Content/EngineMaterials/DefaultMaterial.uasset" 157
"../../../Engine/Content/BasicShapes/Cone.uasset" 158
"../../../Engine/Content/BasicShapes/Plane.uasset" 159
"../../../Engine/Content/EditorLandscapeResources/DataLayer.uasset" 160
"../../../Engine/Content/EditorMaterials/MAT_Groups_Toggle.uasset" 161
"../../../Engine/Content/EditorMaterials/MAT_Groups_Visibility.uasset" 162
"../../../Engine/Content/EditorMaterials/PreviewShadowIndicator.uasset" 163
"../../../Engine/Content/EditorMaterials/PreviewShadowIndicatorMaterial.uasset" 164
"../../../Engine/Content/EditorMaterials/MatineeGroups/MAT_ColorTrack.uasset" 165
"../../../Engine/Content/EditorMaterials/MatineeGroups/MAT_Groups_Anim.uasset" 166
"../../../Engine/Content/EditorMaterials/MatineeGroups/MAT_Groups_AudioMaster.uasset" 167
"../../../Engine/Content/EditorMaterials/MatineeGroups/MAT_Groups_Director.uasset" 168
"../../../Engine/Content/EditorMaterials/MatineeGroups/MAT_Groups_Event.uasset" 169
"../../../Engine/Content/EditorMaterials/MatineeGroups/MAT_Groups_Fade.uasset" 170
"../../../Engine/Content/EditorMaterials/MatineeGroups/MAT_Groups_Float.uasset" 171
"../../../Engine/Content/EditorMaterials/MatineeGroups/MAT_Groups_Move.uasset" 172
"../../../Engine/Content/EditorMaterials/MatineeGroups/MAT_Groups_Slomo.uasset" 173
"../../../Engine/Content/EditorMaterials/MatineeGroups/MAT_Groups_Sound.uasset" 174
"../../../Engine/Content/EditorMaterials/MatineeGroups/MAT_Groups_Vector.uasset" 175
"../../../Engine/Content/EditorMaterials/ParticleSystems/PSysThumbnail_NoImage.uasset" 176
"../../../Engine/Content/EditorMaterials/ParticleSystems/PSysThumbnail_OOD.uasset" 177
"../../../Engine/Content/EditorMaterials/Camera/CineMat.uasset" 178
"../../../Engine/Content/EditorMaterials/Camera/MI_CineMat_Rig.uasset" 179
"../../../Engine/Content/EditorMeshes/Camera/SM_CraneRig_Arm.uasset" 180
"../../../Engine/Content/EditorMeshes/Camera/SM_CraneRig_Base.uasset" 181
"../../../Engine/Content/EditorMeshes/Camera/SM_CraneRig_Body.uasset" 182
"../../../Engine/Content/EditorMeshes/Camera/SM_CraneRig_Mount.uasset" 183
"../../../Engine/Content/EditorMeshes/Camera/SM_RailRig_Mount.uasset" 184
"../../../Engine/Content/EditorMeshes/Camera/SM_RailRig_Track.uasset" 185
"../../../Engine/Content/EditorResources/BSPVertex.uasset" 186
"../../../Engine/Content/EditorResources/EmptyActor.uasset" 187
"../../../Engine/Content/EditorResources/S_Actor.uasset" 188
"../../../Engine/Content/EditorResources/S_Note.uasset" 189
"../../../Engine/Content/EditorResources/S_Solver.uasset" 190
"../../../Engine/Content/EditorResources/S_Trigger.uasset" 191
"../../../Engine/Content/EditorResources/AudioIcons/S_AudioComponent.uasset" 192
"../../../Engine/Content/EditorResources/AudioIcons/S_AudioComponent_AutoActivate.uasset" 193
"../../../Engine/Content/EditorResources/LightIcons/S_LightError.uasset" 194
"../../../Engine/Content/EditorResources/SequenceRecorder/Countdown.uasset" 195
"../../../Engine/Content/EditorResources/SequenceRecorder/RecordingIndicator.uasset" 196
"../../../Engine/Content/EditorSounds/Notifications/CompileFailed.uasset" 197
"../../../Engine/Content/EditorSounds/Notifications/CompileFailed_Cue.uasset" 198
"../../../Engine/Content/EditorSounds/Notifications/CompileSuccess.uasset" 199
"../../../Engine/Content/EditorSounds/Notifications/CompileStart_Cue.uasset" 200
"../../../Engine/Content/EditorSounds/Notifications/CompileSuccess_Cue.uasset" 201
"../../../Engine/Content/EngineDamageTypes/DmgTypeBP_Environmental.uasset" 202
"../../../Engine/Content/EngineDebugMaterials/DebugEditorMaterial.uasset" 203
"../../../Engine/Content/EngineDebugMaterials/DebugMeshMaterial.uasset" 204
"../../../Engine/Content/EngineDebugMaterials/M_SimpleUnlitTranslucent.uasset" 205
"../../../Engine/Content/EngineDebugMaterials/VolumeToRender.uasset" 206
"../../../Engine/Content/EngineDebugMaterials/M_VolumeRenderSphereTracePP.uasset" 207
"../../../Engine/Content/EngineDebugMaterials/WireframeMaterial.uasset" 208
"../../../Engine/Content/EngineFonts/Faces/DroidSansFallback.uasset" 209
"../../../Engine/Content/EngineFonts/Faces/RobotoBold.uasset" 210
"../../../Engine/Content/EngineFonts/Faces/RobotoBoldItalic.uasset" 211
"../../../Engine/Content/EngineFonts/Faces/RobotoItalic.uasset" 212
"../../../Engine/Content/EngineFonts/Faces/RobotoLight.uasset" 213
"../../../Engine/Content/EngineFonts/Faces/RobotoRegular.uasset" 214
"../../../Engine/Content/EngineFonts/Roboto.uasset" 215
"../../../Engine/Content/EngineMaterials/BaseFlattenDiffuseMap.uasset" 216
"../../../Engine/Content/EngineMaterials/BaseFlattenEmissiveMap.uasset" 217
"../../../Engine/Content/EngineMaterials/BaseFlattenGrayscaleMap.uasset" 218
"../../../Engine/Content/EngineMaterials/BaseFlattenNormalMap.uasset" 219
"../../../Engine/Content/EngineMaterials/BaseFlattenMaterial.uasset" 220
"../../../Engine/Content/EngineMaterials/BlueNoise.uasset" 221
"../../../Engine/Content/EngineMaterials/DefaultBloomKernel.uasset" 222
"../../../Engine/Content/EngineMaterials/DefaultBokeh.uasset" 223
"../../../Engine/Content/EngineMaterials/DefaultDiffuse.uasset" 224
"../../../Engine/Content/EngineMaterials/DefaultDeferredDecalMaterial.uasset" 225
"../../../Engine/Content/EngineMaterials/DefaultLightFunctionMaterial.uasset" 226
"../../../Engine/Content/Functions/Engine_MaterialFunctions02/Utility/BreakOutFloat2Components.uasset" 227
"../../../Engine/Content/EngineMaterials/DefaultPostProcessMaterial.uasset" 228
"../../../Engine/Content/EngineFonts/RobotoDistanceField.uasset" 229
"../../../Engine/Content/EngineMaterials/DefaultTextMaterialOpaque.uasset" 230
"../../../Engine/Content/EngineMaterials/DefaultWhiteGrid.uasset" 231
"../../../Engine/Content/EngineMaterials/DefaultWhiteGrid_Low.uasset" 232
"../../../Engine/Content/EngineMaterials/EmissiveMeshMaterial.uasset" 233
"../../../Engine/Content/EngineMaterials/GizmoMaterial.uasset" 234
"../../../Engine/Content/EngineMaterials/MiniFont.uasset" 235
"../../../Engine/Content/EngineMaterials/InvalidLightmapSettings.uasset" 236
"../../../Engine/Content/EngineMaterials/M_InvalidLightmapSettings.uasset" 237
"../../../Engine/Content/Functions/Engine_MaterialFunctions02/WorldPositionOffset/CameraOffset.uasset" 238
"../../../Engine/Content/EngineMaterials/PhAT_JointLimitMaterial.uasset" 239
"../../../Engine/Content/EngineMaterials/PreintegratedSkinBRDF.uasset" 240
"../../../Engine/Content/EngineMaterials/RemoveSurfaceMaterial.uasset" 241
"../../../Engine/Content/EngineMaterials/WeightMapPlaceholderTexture.uasset" 242
"../../../Engine/Content/EngineResources/WhiteSquareTexture.uasset" 243
"../../../Engine/Content/EngineMaterials/Widget3DPassThrough.uasset" 244
"../../../Engine/Content/EngineMaterials/Widget3DPassThrough_Masked.uasset" 245
"../../../Engine/Content/EngineMaterials/Widget3DPassThrough_Opaque.uasset" 246
"../../../Engine/Content/EngineMaterials/Widget3DPassThrough_Masked_OneSided.uasset" 247
"../../../Engine/Content/EngineMaterials/Widget3DPassThrough_Opaque_OneSided.uasset" 248
"../../../Engine/Content/EngineMaterials/Widget3DPassThrough_Translucent.uasset" 249
"../../../Engine/Content/EngineMaterials/Widget3DPassThrough_Translucent_OneSided.uasset" 250
"../../../Engine/Content/EngineMeshes/Cylinder.uasset" 251
"../../../Engine/Content/EngineResources/Black.uasset" 252
"../../../Engine/Content/EngineResources/DefaultTextureCube.uasset" 253
"../../../Engine/Content/EngineResources/DefaultVolumeTexture2D.uasset" 254
"../../../Engine/Content/EngineResources/DefaultVolumeTexture.uasset" 255
"../../../Engine/Content/EngineResources/GradientTexture0.uasset" 256
"../../../Engine/Content/EngineSounds/Master.uasset" 257
"../../../Engine/Content/Functions/Engine_MaterialFunctions01/Shading/ConvertFromDiffSpec.uasset" 258
"../../../Engine/Content/Functions/Engine_MaterialFunctions01/Shading/PowerToRoughness.uasset" 259
"../../../Engine/Content/Maps/Templates/Thumbnails/Default.uasset" 260
"../../../Engine/Content/Maps/Templates/Thumbnails/TimeOfDay.uasset" 261
"../../../Engine/Content/Maps/Templates/Thumbnails/VR-Basic.uasset" 262
"../../../Engine/Content/MobileResources/T_MobileControls_texture.uasset" 263
"../../../Engine/Content/MobileResources/T_MobileMenu2.uasset" 264
"../../../Engine/Content/MobileResources/HUD/AnalogHat.uasset" 265
"../../../Engine/Content/MobileResources/HUD/VirtualJoystick_Background.uasset" 266
"../../../Engine/Content/MobileResources/HUD/VirtualJoystick_Thumb.uasset" 267
"../../../Engine/Content/MobileResources/HUD/DefaultVirtualJoysticks.uasset" 268
"../../../Engine/Content/MobileResources/HUD/LeftVirtualJoystickOnly.uasset" 269
"../../../Engine/Content/MobileResources/HUD/MobileHUDButton1_off.uasset" 270
"../../../Engine/Content/MobileResources/HUD/MobileHUDButton1_on.uasset" 271
"../../../Engine/Content/MobileResources/HUD/MobileHUDButton2_off.uasset" 272
"../../../Engine/Content/MobileResources/HUD/MobileHUDButton2_on.uasset" 273
"../../../Engine/Content/MobileResources/HUD/MobileHUDButton3.uasset" 274
"../../../Engine/Content/MobileResources/HUD/MobileHUDButtonFire.uasset" 275
"../../../Engine/Content/MobileResources/HUD/MobileHUDDirectionPad.uasset" 276
"../../../Engine/Content/MobileResources/HUD/MobileHUDDirectionPad2.uasset" 277
"../../../Engine/Content/MobileResources/HUD/MobileHUDDirectionPad3.uasset" 278
"../../../Engine/Content/MobileResources/HUD/MobileHUDDirectionStick.uasset" 279
"../../../Engine/Content/MobileResources/HUD/T_Castle_ThumbstickInner.uasset" 280
"../../../Engine/Content/MobileResources/HUD/T_Castle_ThumbstickOutter.uasset" 281
"../../../Engine/Content/Tutorial/ContentIntroCurve.uasset" 282
"../../../Engine/Content/Tutorial/Basics/TutorialAssets/icon_tab_Levels_40x.uasset" 283
"../../../Engine/Content/Tutorial/Basics/LevelEditorOverview.uasset" 284
"../../../Engine/Content/Tutorial/BlueprintTutorials/TutorialAssets/Blueprint_64x.uasset" 285
"../../../Engine/Content/Tutorial/BlueprintTutorials/BlueprintEditorTutorial.uasset" 286
"../../../Engine/Content/VREditor/LaserPointer/VR_LaserPower_01.uasset" 287
"../../../Engine/Content/VREditor/TransformGizmo/TransformGizmoMaterial.uasset" 288
"../../../Engine/Content/VREditor/TransformGizmo/TranslucentTransformGizmoMaterial.uasset" 289
"../../../Engine/Content/VREditor/TransformGizmo/BoundingBoxCorner.uasset" 290
"../../../Engine/Content/VREditor/TransformGizmo/BoundingBoxEdge.uasset" 291
"../../../Engine/Content/VREditor/TransformGizmo/PlaneTranslationHandle.uasset" 292
"../../../Engine/Content/VREditor/TransformGizmo/Main.uasset" 293
"../../../Engine/Content/VREditor/TransformGizmo/Xray.uasset" 294
"../../../Engine/Content/VREditor/TransformGizmo/SM_Sequencer_Key.uasset" 295
"../../../Engine/Content/VREditor/TransformGizmo/SM_Sequencer_Node.uasset" 296
"../../Plugins/2D/Paper2D/Content/PlaceholderTextures/DummySpriteTexture.uasset" 297
"../../Plugins/2D/Paper2D/Content/DummySprite.uasset" 298
"../../Plugins/2D/Paper2D/Content/DefaultPaperTerrainMaterial.uasset" 299
"../../Plugins/2D/Paper2D/Content/DefaultSpriteMaterial.uasset" 300
"../../Plugins/2D/Paper2D/Content/MaskedUnlitSpriteMaterial.uasset" 301
"../../Plugins/2D/Paper2D/Content/OpaqueUnlitSpriteMaterial.uasset" 302
"../../Plugins/FX/Niagara/Content/Enums/ENiagaraBooleanLogicOps.uasset" 303
"../../Plugins/FX/Niagara/Content/Enums/ENiagaraCoordinateSpace.uasset" 304
"../../Plugins/FX/Niagara/Content/Enums/ENiagaraExpansionMode.uasset" 305
"../../Plugins/FX/Niagara/Content/Enums/ENiagaraOrientationAxis.uasset" 306
"../../Plugins/FX/Niagara/Content/Enums/ENiagaraRandomnessMode.uasset" 307
"../../../Engine/Content/Functions/Engine_MaterialFunctions02/Utility/BreakOutFloat4Components.uasset" 308
"../../../Engine/Content/Functions/Engine_MaterialFunctions02/Utility/MakeFloat2.uasset" 309
"../../Plugins/Runtime/Oculus/OculusVR/Content/Materials/OculusMR_ChromaKey.uasset" 310
"../../Plugins/Runtime/Oculus/OculusVR/Content/Materials/OculusMR_ChromaKey_Lit.uasset" 311
"../../Plugins/Runtime/Oculus/OculusVR/Content/Materials/OculusMR_OpaqueColoredMaterial.uasset" 312
"../../Plugins/Runtime/Oculus/OculusVR/Content/Materials/OculusMR_WhiteMaterial.uasset" 313
"../../../../Unreal Projects/Underwater/Content/Blueprints/Helpers/BP_MacroHelpers.uasset" 314
"../../../../Unreal Projects/Underwater/Content/DemoContent/Animations/Idle_Rifle_Ironsights_Anim.uasset" 315
"../../../../Unreal Projects/Underwater/Content/DemoContent/Animations/Aim_Ironsights_Center_Anim.uasset" 316
"../../../../Unreal Projects/Underwater/Content/DemoContent/Animations/Aim_Ironsights_Down_Anim.uasset" 317
"../../../../Unreal Projects/Underwater/Content/DemoContent/Animations/Aim_Ironsights_Up_Anim.uasset" 318
"../../../../Unreal Projects/Underwater/Content/DemoContent/Animations/AO_Rifle_Ironsights.uasset" 319
"../../../../Unreal Projects/Underwater/Content/DemoContent/Animations/Jump_Anim.uasset" 320
"../../../../Unreal Projects/Underwater/Content/DemoContent/Animations/Jump_Loop_Anim.uasset" 321
"../../../../Unreal Projects/Underwater/Content/DemoContent/Animations/Jump_Start_Anim.uasset" 322
"../../../../Unreal Projects/Underwater/Content/DemoContent/Animations/Melee_Idle_Anim.uasset" 323
"../../../../Unreal Projects/Underwater/Content/DemoContent/Animations/Sprint_Fwd_Rifle_Anim.uasset" 324
"../../../../Unreal Projects/Underwater/Content/DemoContent/Animations/Jog_Bwd_Rifle_Anim.uasset" 325
"../../../../Unreal Projects/Underwater/Content/DemoContent/Animations/Jog_Fwd_Rifle_Anim.uasset" 326
"../../../../Unreal Projects/Underwater/Content/DemoContent/Animations/Jog_Lt_Rifle_Anim.uasset" 327
"../../../../Unreal Projects/Underwater/Content/DemoContent/Animations/Jog_Rt_Rifle_Anim.uasset" 328
"../../../../Unreal Projects/Underwater/Content/DemoContent/Animations/BS_RifleJog.uasset" 329
"../../../../Unreal Projects/Underwater/Content/Blueprints/Characters/AnimBP_Monster.uasset" 330
"../../../../Unreal Projects/Underwater/Content/DemoContent/Animations/MeleeAttack_Anim.uasset" 331
"../../../../Unreal Projects/Underwater/Content/DemoContent/Animations/MeleeAttackAnim_Montage.uasset" 332
"../../../Engine/Content/EditorBlueprintResources/ActorMacros.uasset" 333
"../../../../Unreal Projects/Underwater/Content/Blueprints/Characters/BP_HealthManager.uasset" 334
"../../../../Unreal Projects/Underwater/Content/Blueprints/Interfaces/BP_I_BaseCharacter.uasset" 335
"../../../../Unreal Projects/Underwater/Content/Blueprints/Kernel/E_GlobalState.uasset" 336
"../../../../Unreal Projects/Underwater/Content/Blueprints/Kernel/BP_Kernel_GS.uasset" 337
"../../../../Unreal Projects/Underwater/Content/Blueprints/Interfaces/BP_I_BasePlayerController.uasset" 338
"../../../../Unreal Projects/Underwater/Content/Textures/T_background.uasset" 339
"../../../../Unreal Projects/Underwater/Content/Blueprints/Widgets/MainMenu/BP_W_BG.uasset" 340
"../../../../Unreal Projects/Underwater/Content/Blueprints/Widgets/MainMenu/BP_W_ConnectLoading.uasset" 341
"../../../../Unreal Projects/Underwater/Content/Blueprints/Widgets/MainMenu/BP_WE_TopMenu.uasset" 342
"../../../../Unreal Projects/Underwater/Content/Textures/T_host_game_icon.uasset" 343
"../../../../Unreal Projects/Underwater/Content/Textures/T_quick_play_icon.uasset" 344
"../../../../Unreal Projects/Underwater/Content/Textures/T_server_browser_icon.uasset" 345
"../../../../Unreal Projects/Underwater/Content/Blueprints/Widgets/MainMenu/BP_W_Home.uasset" 346
"../../../../Unreal Projects/Underwater/Content/Blueprints/Widgets/MainMenu/BP_W_HostGame.uasset" 347
"../../../../Unreal Projects/Underwater/Content/Blueprints/Widgets/MainMenu/BP_W_NetworkError.uasset" 348
"../../../../Unreal Projects/Underwater/Content/Blueprints/Widgets/MainMenu/BP_WE_FoundSession.uasset" 349
"../../../../Unreal Projects/Underwater/Content/Blueprints/Widgets/MainMenu/BP_W_ServerBrowser.uasset" 350
"../../../../Unreal Projects/Underwater/Content/Textures/T_settings_btn_left.uasset" 351
"../../../../Unreal Projects/Underwater/Content/Textures/T_settings_btn_right.uasset" 352
"../../../../Unreal Projects/Underwater/Content/Blueprints/Widgets/MainMenu/BP_W_Settings.uasset" 353
"../../../../Unreal Projects/Underwater/Content/Blueprints/MainMenu/BP_MainMenu_HUD.uasset" 354
"../../../../Unreal Projects/Underwater/Content/Blueprints/Kernel/BP_MainGI.uasset" 355
"../../../../Unreal Projects/Underwater/Content/Blueprints/Kernel/BP_Kernel_PC.uasset" 356
"../../../../Unreal Projects/Underwater/Content/Blueprints/Widgets/Chat/BP_WE_ChatMessage.uasset" 357
"../../../../Unreal Projects/Underwater/Content/Blueprints/Widgets/Chat/BP_W_GameChat.uasset" 358
"../../../../Unreal Projects/Underwater/Content/Blueprints/Widgets/Game/BP_W_GameFinishScreen.uasset" 359
"../../../../Unreal Projects/Underwater/Content/DemoContent/Animations/Run_Anim.uasset" 360
"../../../../Unreal Projects/Underwater/Content/DemoContent/Animations/ThirdPersonIdle_Anim.uasset" 361
"../../../../Unreal Projects/Underwater/Content/DemoContent/Animations/Crouch_Idle_Rifle_Ironsights_Anim.uasset" 362
"../../../../Unreal Projects/Underwater/Content/DemoContent/Animations/Crouch_Walk_Bwd_Rifle_Ironsights_Anim.uasset" 363
"../../../../Unreal Projects/Underwater/Content/DemoContent/Animations/Crouch_Walk_Fwd_Rifle_Ironsights_Anim.uasset" 364
"../../../../Unreal Projects/Underwater/Content/DemoContent/Animations/Crouch_Walk_Lt_Rifle_Ironsights_Anim.uasset" 365
"../../../../Unreal Projects/Underwater/Content/DemoContent/Animations/Crouch_Walk_Rt_Rifle_Ironsights_Anim.uasset" 366
"../../../../Unreal Projects/Underwater/Content/DemoContent/Animations/BS_RifleCrouch.uasset" 367
"../../../../Unreal Projects/Underwater/Content/Blueprints/Characters/AnimBP_Player.uasset" 368
"../../../../Unreal Projects/Underwater/Content/Materials/Textures/T_RoomTiles_M.uasset" 369
"../../../../Unreal Projects/Underwater/Content/Materials/Textures/T_RoomTiles_N.uasset" 370
"../../../../Unreal Projects/Underwater/Content/Materials/M_TilesOrigin.uasset" 371
"../../../../Unreal Projects/Underwater/Content/Materials/MI_Green.uasset" 372
"../../../Engine/Content/BasicShapes/Cube.uasset" 373
"../../../../Unreal Projects/Underwater/Content/Blueprints/Actors/BP_Gate.uasset" 374
"../../../../Unreal Projects/Underwater/Content/Materials/M_TilesSmall.uasset" 375
"../../../../Unreal Projects/Underwater/Content/Materials/MI_TilesRed.uasset" 376
"../../../../Unreal Projects/Underwater/Content/Materials/MI_TilesYellow.uasset" 377
"../../../../Unreal Projects/Underwater/Content/Blueprints/Actors/BP_Generator.uasset" 378
"../../../../Unreal Projects/Underwater/Content/DemoContent/Mannequin/Materials/MaterialLayers/T_ML_Rubber_Blue_01_D.uasset" 379
"../../../../Unreal Projects/Underwater/Content/DemoContent/Mannequin/Materials/MaterialLayers/T_ML_Rubber_Blue_01_N.uasset" 380
"../../../../Unreal Projects/Underwater/Content/DemoContent/Mannequin/Materials/MaterialLayers/MF_GlossyBlack_Latex_UE4.uasset" 381
"../../../../Unreal Projects/Underwater/Content/DemoContent/Mannequin/Materials/MaterialLayers/MF_Plastic_Shiny_Beige.uasset" 382
"../../../../Unreal Projects/Underwater/Content/DemoContent/Mannequin/Textures/T_UE4_LOGO_CARD.uasset" 383
"../../../../Unreal Projects/Underwater/Content/DemoContent/Mannequin/Materials/MaterialLayers/MF_Plastic_Shiny_Beige_LOGO.uasset" 384
"../../../../Unreal Projects/Underwater/Content/DemoContent/Mannequin/Materials/MaterialLayers/T_ML_Aluminum01.uasset" 385
"../../../../Unreal Projects/Underwater/Content/DemoContent/Mannequin/Materials/MaterialLayers/T_ML_Aluminum01_N.uasset" 386
"../../../../Unreal Projects/Underwater/Content/DemoContent/Mannequin/Materials/MaterialLayers/MF_SoftMetal_UE4.uasset" 387
"../../../../Unreal Projects/Underwater/Content/DemoContent/Mannequin/Textures/T_UE4_Mannequin__normals.uasset" 388
"../../../../Unreal Projects/Underwater/Content/DemoContent/Mannequin/Textures/T_UE4_Mannequin_MAT_MASKA.uasset" 389
"../../../../Unreal Projects/Underwater/Content/DemoContent/Mannequin/Materials/M_UE4Man_Body.uasset" 390
"../../../../Unreal Projects/Underwater/Content/DemoContent/Mannequin/Materials/MI_UE4Man_Body_Prop.uasset" 391
"../../../../Unreal Projects/Underwater/Content/Textures/T_DamageIndicator.uasset" 392
"../../../../Unreal Projects/Underwater/Content/Blueprints/Widgets/Game/BP_W_DamageIndicator.uasset" 393
"../../../../Unreal Projects/Underwater/Content/DemoContent/Mannequin/Materials/MI_UE4Man_ChestLogo.uasset" 394
"../../../../Unreal Projects/Underwater/Content/DemoContent/Mannequin/Mesh/SK_Mannequin_Physics.uasset" 395
"../../../../Unreal Projects/Underwater/Content/DemoContent/Mannequin/Mesh/SK_Mannequin.uasset" 396
"../../../../Unreal Projects/Underwater/Content/Blueprints/Characters/BP_Player.uasset" 397
"../../../Engine/Content/Functions/Engine_MaterialFunctions01/Gradient/SphereGradient-2D.uasset" 398
"../../../../Unreal Projects/Underwater/Content/Materials/ProgressCircle/T_CircularMask.uasset" 399
"../../../../Unreal Projects/Underwater/Content/Materials/ProgressCircle/M_ProgressCircle.uasset" 400
"../../../../Unreal Projects/Underwater/Content/Materials/ProgressCircle/MI_ProgressCircle.uasset" 401
"../../../../Unreal Projects/Underwater/Content/Textures/T_crosshair.uasset" 402
"../../../../Unreal Projects/Underwater/Content/Textures/T_generator_icon.uasset" 403
"../../../../Unreal Projects/Underwater/Content/Textures/T_health_hud.uasset" 404
"../../../../Unreal Projects/Underwater/Content/Blueprints/Widgets/Game/BP_W_HUD.uasset" 405
"../../../../Unreal Projects/Underwater/Content/Blueprints/Widgets/Game/BP_W_InGameMenu.uasset" 406
"../../../../Unreal Projects/Underwater/Content/Blueprints/Widgets/Game/BP_W_KillFeed.uasset" 407
"../../../../Unreal Projects/Underwater/Content/Blueprints/Widgets/Game/BP_W_LoadingScreen.uasset" 408
"../../../../Unreal Projects/Underwater/Content/Blueprints/Widgets/Game/BP_W_Notify.uasset" 409
"../../../../Unreal Projects/Underwater/Content/Blueprints/Widgets/Game/BP_W_ObserverHud.uasset" 410
"../../../../Unreal Projects/Underwater/Content/Textures/T_death_icon.uasset" 411
"../../../../Unreal Projects/Underwater/Content/Blueprints/Widgets/Game/BP_WE_KillFeedMessage.uasset" 412
"../../../../Unreal Projects/Underwater/Content/Blueprints/Widgets/Lobby/BP_WE_LobbyChatMessage.uasset" 413
"../../../../Unreal Projects/Underwater/Content/Textures/T_ready_icon.uasset" 414
"../../../../Unreal Projects/Underwater/Content/Blueprints/Widgets/Lobby/BP_WE_LobbyPlayer.uasset" 415
"../../../../Unreal Projects/Underwater/Content/Blueprints/Widgets/Lobby/BP_W_Lobby.uasset" 416
"../../../../Unreal Projects/Underwater/Content/Blueprints/Widgets/Scoreboard/BP_WE_ScoreBoard_Player.uasset" 417
"../../../../Unreal Projects/Underwater/Content/Textures/T_ping_icon.uasset" 418
"../../../../Unreal Projects/Underwater/Content/Blueprints/Widgets/Scoreboard/BP_W_ScoreBoard.uasset" 419
"../../../../Unreal Projects/Underwater/Content/Blueprints/Kernel/BP_Kernel_HUD.uasset" 420
"../../../../Unreal Projects/Underwater/Content/Blueprints/Kernel/BP_KernelObserver.uasset" 421
"../../../../Unreal Projects/Underwater/Content/Blueprints/Kernel/BP_Kernel_PS.uasset" 422
"../../../../Unreal Projects/Underwater/Content/DemoContent/BloodHitEffect/T_blood_various.uasset" 423
"../../../../Unreal Projects/Underwater/Content/DemoContent/BloodHitEffect/T_blood_various_N.uasset" 424
"../../../../Unreal Projects/Underwater/Content/DemoContent/BloodHitEffect/M_impact_splash_subUV.uasset" 425
"../../../../Unreal Projects/Underwater/Content/DemoContent/BloodHitEffect/PS_body_bullet_impact.uasset" 426
"../../../../Unreal Projects/Underwater/Content/DemoContent/Meshes/Sword/T_Blade_HeroSword101_D.uasset" 427
"../../../../Unreal Projects/Underwater/Content/DemoContent/Meshes/Sword/T_Blade_HeroSword101_N.uasset" 428
"../../../../Unreal Projects/Underwater/Content/DemoContent/Meshes/Sword/T_Blade_HeroSword102_D.uasset" 429
"../../../../Unreal Projects/Underwater/Content/DemoContent/Meshes/Sword/T_Blade_HeroSword102_M.uasset" 430
"../../../../Unreal Projects/Underwater/Content/DemoContent/Meshes/Sword/T_Blade_HeroSword102_N.uasset" 431
"../../../../Unreal Projects/Underwater/Content/DemoContent/Meshes/Sword/M_Blade_HeroSword.uasset" 432
"../../../../Unreal Projects/Underwater/Content/DemoContent/Meshes/Sword/SK_Blade_HeroSword10_Skeleton.uasset" 433
"../../../../Unreal Projects/Underwater/Content/DemoContent/Meshes/Sword/SK_Sword.uasset" 434
"../../../../Unreal Projects/Underwater/Content/Blueprints/Weapons/BP_MeleeWeapon.uasset" 435
"../../../../Unreal Projects/Underwater/Content/DemoContent/Mannequin/Materials/MI_UE4Man_Body_Hunter.uasset" 436
"../../../../Unreal Projects/Underwater/Content/Blueprints/Characters/BP_Monster.uasset" 437
"../../../../Unreal Projects/Underwater/Content/Blueprints/Kernel/BP_SpawnPoint.uasset" 438
"../../../../Unreal Projects/Underwater/Content/Blueprints/Kernel/BP_Kernel_GM.uasset" 439
"../../../../Unreal Projects/Underwater/Content/Blueprints/Helpers/BP_Helpers.uasset" 440
"../../../../Unreal Projects/Underwater/Content/Blueprints/MainMenu/BP_MainMenu_PC.uasset" 441
"../../../../Unreal Projects/Underwater/Content/Blueprints/MainMenu/BP_MainMenu_GM.uasset" 442
"../../../../Unreal Projects/Underwater/Content/Maps/MainMenu_BuiltData.uasset" 443
"../../../../Unreal Projects/Underwater/Content/Maps/MainMenu.umap" 444
"../../../Engine/Content/EngineSky/C_Sky_Cloud_Color.uasset" 445
"../../../Engine/Content/EngineSky/C_Sky_Horizon_Color.uasset" 446
"../../../Engine/Content/EngineSky/C_Sky_Zenith_Color.uasset" 447
"../../../Engine/Content/EngineSky/T_Sky_Blue.uasset" 448
"../../../Engine/Content/EngineSky/T_Sky_Clouds_M.uasset" 449
"../../../Engine/Content/EngineSky/T_Sky_Stars.uasset" 450
"../../../Engine/Content/EngineSky/M_Sky_Panning_Clouds2.uasset" 451
"../../../Engine/Content/EngineSky/SM_SkySphere.uasset" 452
"../../../Engine/Content/EngineSky/BP_Sky_Sphere.uasset" 453
"../../../../Unreal Projects/Underwater/Content/Blueprints/Actors/BP_SafeZoneForPlayers.uasset" 454
"../../../../Unreal Projects/Underwater/Content/Maps/TestMap_BuiltData.uasset" 455
"../../../../Unreal Projects/Underwater/Content/Materials/MI_TilesGray.uasset" 456
"../../../Engine/Content/MapTemplates/SM_Template_Map_Floor.uasset" 457
"../../../../Unreal Projects/Underwater/Content/DemoContent/Meshes/SM_SmoothCube.uasset" 458
"../../../../Unreal Projects/Underwater/Content/Maps/TestMap.umap" 459
"../../../../Unreal Projects/Underwater/Content/StarterContent/Mannequin/Animations/ThirdPerson_Jump.uasset" 460
"../../../../Unreal Projects/Underwater/Content/StarterContent/Mannequin/Animations/ThirdPersonJump_Loop.uasset" 461
"../../../../Unreal Projects/Underwater/Content/StarterContent/Mannequin/Animations/ThirdPersonJump_Start.uasset" 462
"../../../../Unreal Projects/Underwater/Content/StarterContent/Mannequin/Animations/ThirdPersonIdle.uasset" 463
"../../../../Unreal Projects/Underwater/Content/StarterContent/Mannequin/Animations/ThirdPersonRun.uasset" 464
"../../../../Unreal Projects/Underwater/Content/StarterContent/Mannequin/Animations/ThirdPersonWalk.uasset" 465
"../../../../Unreal Projects/Underwater/Content/StarterContent/Mannequin/Animations/ThirdPerson_IdleRun_2D.uasset" 466
"../../../../Unreal Projects/Underwater/Content/StarterContent/Mannequin/Animations/ThirdPerson_AnimBP.uasset" 467
"../../../../Unreal Projects/Underwater/Content/Blueprints/AI/Enemy/BB_Enemy.uasset" 468
"../../../../Unreal Projects/Underwater/Content/Blueprints/AI/Enemy/Chase_Player.uasset" 469
"../../../../Unreal Projects/Underwater/Content/Blueprints/AI/Enemy/Find_Player_Location.uasset" 470
"../../../../Unreal Projects/Underwater/Content/Blueprints/AI/Enemy/Find_Random_location.uasset" 471
"../../../../Unreal Projects/Underwater/Content/Blueprints/AI/Enemy/BT_Enemy.uasset" 472
"../../../../Unreal Projects/Underwater/Content/Blueprints/AI/Enemy/BP_Enemy_AI.uasset" 473
"../../../../Unreal Projects/Underwater/Content/Blueprints/AI/Enemy/BP_Enemy.uasset" 474
"../../../../Unreal Projects/Underwater/Content/_Marvelmaster_infinite_reactive_water_/Blueprints/passive/GlobalUpdater_BP.uasset" 475
"../../../../Unreal Projects/Underwater/Content/_Marvelmaster_infinite_reactive_water_/Materials/ComputeMaterials_and_RenderTargets/RenderTargetForGrassBend.uasset" 476
"../../../../Unreal Projects/Underwater/Content/_Marvelmaster_infinite_reactive_water_/Materials/ComputeMaterials_and_RenderTargets/SC_Debug_RT.uasset" 477
"../../../../Unreal Projects/Underwater/Content/_Marvelmaster_infinite_reactive_water_/Materials/BasicMaterials/Gold_mad.uasset" 478
"../../../../Unreal Projects/Underwater/Content/_Marvelmaster_infinite_reactive_water_/Materials/BasicMaterials/White_TwoSided_mat.uasset" 479
"../../../Engine/Content/EngineResources/DefaultTexture.uasset" 480
"../../../../Unreal Projects/Underwater/Content/_Marvelmaster_infinite_reactive_water_/Materials/ComputeMaterials_and_RenderTargets/ComputeNormal.uasset" 481
"../../../../Unreal Projects/Underwater/Content/_Marvelmaster_infinite_reactive_water_/Materials/ComputeMaterials_and_RenderTargets/DepthCapture.uasset" 482
"../../../../Unreal Projects/Underwater/Content/_Marvelmaster_infinite_reactive_water_/Materials/ComputeMaterials_and_RenderTargets/ForceSplat.uasset" 483
"../../../../Unreal Projects/Underwater/Content/_Marvelmaster_infinite_reactive_water_/Materials/ComputeMaterials_and_RenderTargets/HeightSim.uasset" 484
"../../../../Unreal Projects/Underwater/Content/_Marvelmaster_infinite_reactive_water_/Textures/DebugTextures/buoyancy_plane.uasset" 485
"../../../../Unreal Projects/Underwater/Content/_Marvelmaster_infinite_reactive_water_/Materials/DebugMaterials/buoyancy_plane_mat.uasset" 486
"../../../../Unreal Projects/Underwater/Content/_Marvelmaster_infinite_reactive_water_/Textures/DebugTextures/DebugDistance.uasset" 487
"../../../../Unreal Projects/Underwater/Content/_Marvelmaster_infinite_reactive_water_/Materials/DebugMaterials/DebugNoDepth.uasset" 488
"../../../../Unreal Projects/Underwater/Content/_Marvelmaster_infinite_reactive_water_/Textures/DebugTextures/PlaneColliderTexture.uasset" 489
"../../../../Unreal Projects/Underwater/Content/_Marvelmaster_infinite_reactive_water_/Materials/DebugMaterials/PlaneCollider_mat.uasset" 490
"../../../Engine/Content/Functions/Engine_MaterialFunctions01/Gradient/LinearGradient.uasset" 491
"../../../Engine/Content/Functions/Engine_MaterialFunctions01/ImageAdjustment/CheapContrast.uasset" 492
"../../../Engine/Content/EngineMaterials/BlendFunc_DefBase.uasset" 493
"../../../Engine/Content/EngineMaterials/BlendFunc_DefBlend.uasset" 494
"../../../Engine/Content/Functions/Engine_MaterialFunctions03/Blends/Blend_Overlay.uasset" 495
"../../../../Unreal Projects/Underwater/Content/_Marvelmaster_infinite_reactive_water_/Materials/MaterialFunctions+Collections/GetUVs.uasset" 496
"../../../../Unreal Projects/Underwater/Content/_Marvelmaster_infinite_reactive_water_/Materials/MaterialFunctions+Collections/MaskUV.uasset" 497
"../../../../Unreal Projects/Underwater/Content/_Marvelmaster_infinite_reactive_water_/Materials/MaterialFunctions+Collections/Motion_4WayChaos.uasset" 498
"../../../../Unreal Projects/Underwater/Content/_Marvelmaster_infinite_reactive_water_/Materials/ComputeMaterials_and_RenderTargets/DefaultHeightfield.uasset" 499
"../../../../Unreal Projects/Underwater/Content/_Marvelmaster_infinite_reactive_water_/Textures/caustics_1024.uasset" 500
"../../../../Unreal Projects/Underwater/Content/_Marvelmaster_infinite_reactive_water_/Textures/ShapeMasks/MarvelmasterMask.uasset" 501
"../../../../Unreal Projects/Underwater/Content/_Marvelmaster_infinite_reactive_water_/Materials/BasicMaterials/caustics_mat.uasset" 502
"../../../../Unreal Projects/Underwater/Content/_Marvelmaster_infinite_reactive_water_/Materials/BasicMaterials/caustics_mat_Inst.uasset" 503
"../../../../Unreal Projects/Underwater/Content/_Marvelmaster_infinite_reactive_water_/Materials/BasicMaterials/UnderWaterShake_PP_mat.uasset" 504
"../../../../Unreal Projects/Underwater/Content/_Marvelmaster_infinite_reactive_water_/Materials/BasicMaterials/UnderWaterShake_PP_mat_Inst.uasset" 505
"../../../Engine/Content/Functions/Engine_MaterialFunctions01/Coordinates/WorldPosition-XY.uasset" 506
"../../../Engine/Content/Functions/Engine_MaterialFunctions01/ImageAdjustment/BlurSampleOffsets.uasset" 507
"../../../Engine/Content/Functions/Engine_MaterialFunctions01/Texturing/FlattenNormal.uasset" 508
"../../../Engine/Content/Functions/Engine_MaterialFunctions03/Texturing/TwoSidedTexturing.uasset" 509
"../../../../Unreal Projects/Underwater/Content/_Marvelmaster_infinite_reactive_water_/Materials/MaterialFunctions+Collections/MaskUV_Normals.uasset" 510
"../../../../Unreal Projects/Underwater/Content/_Marvelmaster_infinite_reactive_water_/Materials/ComputeMaterials_and_RenderTargets/DefaultHeightfieldNormal.uasset" 511
"../../../../Unreal Projects/Underwater/Content/_Marvelmaster_infinite_reactive_water_/Textures/ShapeMasks/RoundMask.uasset" 512
"../../../../Unreal Projects/Underwater/Content/_Marvelmaster_infinite_reactive_water_/Materials/WaterMaterial.uasset" 513
"../../../../Unreal Projects/Underwater/Content/_Marvelmaster_infinite_reactive_water_/Materials/WaterMaterial_Inst_clear.uasset" 514
"../../../../Unreal Projects/Underwater/Content/_Marvelmaster_infinite_reactive_water_/Materials/WaterMaterial_Inst_water.uasset" 515
"../../../../Unreal Projects/Underwater/Content/_Marvelmaster_infinite_reactive_water_/Grass/ForGrass_MPC.uasset" 516
"../../../../Unreal Projects/Underwater/Content/_Marvelmaster_infinite_reactive_water_/Materials/ComputeMaterials_and_RenderTargets/Height0.uasset" 517
"../../../../Unreal Projects/Underwater/Content/_Marvelmaster_infinite_reactive_water_/Materials/ComputeMaterials_and_RenderTargets/Height1.uasset" 518
"../../../../Unreal Projects/Underwater/Content/_Marvelmaster_infinite_reactive_water_/Materials/ComputeMaterials_and_RenderTargets/Height2.uasset" 519
"../../../../Unreal Projects/Underwater/Content/_Marvelmaster_infinite_reactive_water_/Meshes/Cube.uasset" 520
"../../../../Unreal Projects/Underwater/Content/_Marvelmaster_infinite_reactive_water_/Meshes/Plane.uasset" 521
"../../../../Unreal Projects/Underwater/Content/_Marvelmaster_infinite_reactive_water_/Meshes/Star.uasset" 522
"../../../../Unreal Projects/Underwater/Content/_Marvelmaster_infinite_reactive_water_/Meshes/WaterPlaneForNormal_4V.uasset" 523
"../../../../Unreal Projects/Underwater/Content/_Marvelmaster_infinite_reactive_water_/Meshes/WaterPlaneForTesselation_4kV.uasset" 524
"../../../../Unreal Projects/Underwater/Content/_Marvelmaster_infinite_reactive_water_/Particles/WaterJetSound.uasset" 525
"../../../../Unreal Projects/Underwater/Content/_Marvelmaster_infinite_reactive_water_/Particles/WaterJetStatic_PS.uasset" 526
"../../../../Unreal Projects/Underwater/Content/_Marvelmaster_infinite_reactive_water_/Textures/ImpactTexture.uasset" 527
"../../../../Unreal Projects/Underwater/Content/_Marvelmaster_infinite_reactive_water_/Textures/ShapeMasks/StandardMask.uasset" 528
"../../../../Unreal Projects/Underwater/Content/_Marvelmaster_infinite_reactive_water_/Blueprints/WaterBody_BP0.uasset" 529
"../../../../Unreal Projects/Underwater/Content/_Marvelmaster_infinite_reactive_water_/Blueprints/passive/WaterBodyFunctions.uasset" 530
"../../../Engine/Content/BasicShapes/Sphere.uasset" 531
"../../../../Unreal Projects/Underwater/Content/_Marvelmaster_infinite_reactive_water_/Blueprints/Ball_BP.uasset" 532
"../../../../Unreal Projects/Underwater/Content/_Marvelmaster_infinite_reactive_water_/Particles/WaterJet_PS.uasset" 533
"../../../../Unreal Projects/Underwater/Content/_Marvelmaster_infinite_reactive_water_/Blueprints/GooParticles_BP.uasset" 534
"../../../../Unreal Projects/Underwater/Content/Maps/Test_Level_BuiltData.uasset" 535
"../../../Engine/Content/BasicShapes/BasicShapeMaterial.uasset" 536
"../../../../Unreal Projects/Underwater/Content/_Marvelmaster_infinite_reactive_water_/Materials/WaterMaterial_Inst_brown.uasset" 537
"../../../../Unreal Projects/Underwater/Content/Shaders/Textures/water_caustics.uasset" 538
"../../../../Unreal Projects/Underwater/Content/Shaders/Textures/water_norm.uasset" 539
"../../../../Unreal Projects/Underwater/Content/Shaders/Masters/S_WaterCaustic.uasset" 540
"../../../../Unreal Projects/Underwater/Content/Shaders/SI_WaterCaustic.uasset" 541
"../../../Engine/Content/BasicShapes/Cylinder.uasset" 542
"../../../Engine/Content/Functions/Engine_MaterialFunctions01/WorldPositionOffset/SimpleGrassWind.uasset" 543
"../../../../Unreal Projects/Underwater/Content/_Marvelmaster_infinite_reactive_water_/Grass/Textures/grass_D.uasset" 544
"../../../../Unreal Projects/Underwater/Content/_Marvelmaster_infinite_reactive_water_/Grass/Textures/grass_N.uasset" 545
"../../../../Unreal Projects/Underwater/Content/_Marvelmaster_infinite_reactive_water_/Grass/Materials/SimpleGrassSimulation_mat.uasset" 546
"../../../../Unreal Projects/Underwater/Content/_Marvelmaster_infinite_reactive_water_/Grass/Materials/SimpleGrassSimulation_mat_Inst.uasset" 547
"../../../../Unreal Projects/Underwater/Content/_Marvelmaster_infinite_reactive_water_/Grass/Grass_VPainted.uasset" 548
"../../../../Unreal Projects/Underwater/Content/StarterContent/Architecture/Floor_400x400.uasset" 549
"../../../../Unreal Projects/Underwater/Content/StarterContent/Architecture/Wall_400x300.uasset" 550
"../../../../Unreal Projects/Underwater/Content/StarterContent/Architecture/Wall_Door_400x300.uasset" 551
"../../../../Unreal Projects/Underwater/Content/StarterContent/Architecture/Wall_Window_400x300.uasset" 552
"../../../../Unreal Projects/Underwater/Content/Maps/Test_Level.umap" 553
"../../../../Unreal Projects/Underwater/Content/Maps/TransitionMap.umap" 554
"../../../../Unreal Projects/Underwater/Content/Maps/UW_Proto01_BuiltData.uasset" 555
"../../../../Unreal Projects/Underwater/Content/Materials/Zones_Color/BlueZone.uasset" 556
"../../../../Unreal Projects/Underwater/Content/Materials/Zones_Color/GreenZone.uasset" 557
"../../../../Unreal Projects/Underwater/Content/Materials/Zones_Color/OrangeZone.uasset" 558
"../../../../Unreal Projects/Underwater/Content/Materials/Zones_Color/PurpleZone.uasset" 559
"../../../../Unreal Projects/Underwater/Content/Materials/Zones_Color/RedZone.uasset" 560
"../../../../Unreal Projects/Underwater/Content/Materials/Zones_Color/YellowZone.uasset" 561
"../../../../Unreal Projects/Underwater/Content/Maps/UW_Proto01.umap" 562
"../../../../Unreal Projects/Underwater/Content/StarterContent/Blueprints/Assets/FogBrightnessLUT.uasset" 563
"../../../../Unreal Projects/Underwater/Content/StarterContent/Blueprints/Assets/SunlightColorLUT.uasset" 564
"../../../../Unreal Projects/Underwater/Content/StarterContent/Blueprints/Assets/M_LightStage_Arrows.uasset" 565
"../../../Engine/Content/MapTemplates/Sky/DaylightAmbientCubemap.uasset" 566
"../../../../Unreal Projects/Underwater/Content/StarterContent/Blueprints/Assets/M_LightStage_Skybox_Master.uasset" 567
"../../../../Unreal Projects/Underwater/Content/StarterContent/Blueprints/Assets/M_LightStage_Skybox_Black.uasset" 568
"../../../../Unreal Projects/Underwater/Content/StarterContent/Blueprints/Assets/M_LightStage_Skybox_HDRI.uasset" 569
"../../../Engine/Content/EditorMaterials/Thumbnails/SkySphereMaterial.uasset" 570
"../../../../Unreal Projects/Underwater/Content/StarterContent/Blueprints/Assets/Skybox.uasset" 571
"../../../../Unreal Projects/Underwater/Content/StarterContent/Blueprints/Assets/SM_Arrows.uasset" 572
"../../../../Unreal Projects/Underwater/Content/StarterContent/HDRI/HDRI_Epic_Courtyard_Daylight.uasset" 573
"../../../../Unreal Projects/Underwater/Content/StarterContent/Blueprints/BP_LightStudio.uasset" 574
"../../../../Unreal Projects/Underwater/Content/StarterContent/Maps/Advanced_Lighting_BuiltData.uasset" 575
"../../../../Unreal Projects/Underwater/Content/StarterContent/Materials/M_AssetPlatform.uasset" 576
"../../../Engine/Content/EditorMeshes/ColorCalibrator/M_ChromeBall.uasset" 577
"../../../Engine/Content/EditorMeshes/ColorCalibrator/M_ClearCoat.uasset" 578
"../../../Engine/Content/EditorMeshes/ColorCalibrator/M_ClearCoatBlack.uasset" 579
"../../../Engine/Content/EditorMeshes/ColorCalibrator/Color_checker.uasset" 580
"../../../Engine/Content/EditorMeshes/ColorCalibrator/M_ColorGrid.uasset" 581
"../../../Engine/Content/EditorMeshes/ColorCalibrator/M_GreyBall.uasset" 582
"../../../Engine/Content/EditorMeshes/ColorCalibrator/SM_ColorCalibrator.uasset" 583
"../../../../Unreal Projects/Underwater/Content/StarterContent/Architecture/SM_AssetPlatform.uasset" 584
"../../../../Unreal Projects/Underwater/Content/StarterContent/Maps/Advanced_Lighting.umap" 585
"../../../../Unreal Projects/Underwater/Content/StarterContent/Maps/Minimal_Default_BuiltData.uasset" 586
"../../../../Unreal Projects/Underwater/Content/StarterContent/Textures/T_MacroVariation.uasset" 587
"../../../../Unreal Projects/Underwater/Content/StarterContent/Materials/M_Metal_Brushed_Nickel.uasset" 588
"../../../../Unreal Projects/Underwater/Content/StarterContent/Textures/T_Metal_Copper_D.uasset" 589
"../../../../Unreal Projects/Underwater/Content/StarterContent/Textures/T_Metal_Gold_N.uasset" 590
"../../../../Unreal Projects/Underwater/Content/StarterContent/Materials/M_Metal_Copper.uasset" 591
"../../../../Unreal Projects/Underwater/Content/StarterContent/Audio/Starter_Birds01.uasset" 592
"../../../../Unreal Projects/Underwater/Content/StarterContent/Audio/Starter_Wind05.uasset" 593
"../../../../Unreal Projects/Underwater/Content/StarterContent/Audio/Starter_Wind06.uasset" 594
"../../../../Unreal Projects/Underwater/Content/StarterContent/Audio/Starter_Background_Cue.uasset" 595
"../../../../Unreal Projects/Underwater/Content/StarterContent/Maps/Minimal_Default.umap" 596
"../../../../Unreal Projects/Underwater/Content/StarterContent/Audio/Fire01.uasset" 597
"../../../../Unreal Projects/Underwater/Content/StarterContent/Audio/Fire01_Cue.uasset" 598
"../../../../Unreal Projects/Underwater/Content/StarterContent/Textures/T_Fire_SubUV.uasset" 599
"../../../../Unreal Projects/Underwater/Content/StarterContent/Textures/T_Fire_Tiled_D.uasset" 600
"../../../../Unreal Projects/Underwater/Content/StarterContent/Particles/Materials/M_Fire_SubUV.uasset" 601
"../../../../Unreal Projects/Underwater/Content/StarterContent/Textures/T_Water_N.uasset" 602
"../../../../Unreal Projects/Underwater/Content/StarterContent/Particles/Materials/M_Heat_Distortion.uasset" 603
"../../../../Unreal Projects/Underwater/Content/StarterContent/Particles/Materials/M_Radial_Gradient.uasset" 604
"../../../../Unreal Projects/Underwater/Content/StarterContent/Particles/P_Fire.uasset" 605
"../../../../Unreal Projects/Underwater/Content/StarterContent/Blueprints/Blueprint_Effect_Fire.uasset" 606
"../../../../Unreal Projects/Underwater/Content/StarterContent/Audio/Smoke01.uasset" 607
"../../../../Unreal Projects/Underwater/Content/StarterContent/Audio/Smoke01_Cue.uasset" 608
"../../../../Unreal Projects/Underwater/Content/StarterContent/Particles/P_Smoke.uasset" 609
"../../../../Unreal Projects/Underwater/Content/StarterContent/Blueprints/Blueprint_Effect_Smoke.uasset" 610
"../../../../Unreal Projects/Underwater/Content/StarterContent/Audio/Fire_Sparks01.uasset" 611
"../../../../Unreal Projects/Underwater/Content/StarterContent/Audio/Fire_Sparks01_Cue.uasset" 612
"../../../../Unreal Projects/Underwater/Content/StarterContent/Textures/T_Spark_Core.uasset" 613
"../../../../Unreal Projects/Underwater/Content/StarterContent/Particles/Materials/M_Spark.uasset" 614
"../../../../Unreal Projects/Underwater/Content/StarterContent/Particles/P_Sparks.uasset" 615
"../../../../Unreal Projects/Underwater/Content/StarterContent/Blueprints/Blueprint_Effect_Sparks.uasset" 616
"../../../../Unreal Projects/Underwater/Content/StarterContent/Audio/Steam01.uasset" 617
"../../../../Unreal Projects/Underwater/Content/StarterContent/Audio/Steam01_Cue.uasset" 618
"../../../../Unreal Projects/Underwater/Content/StarterContent/Particles/P_Steam_Lit.uasset" 619
"../../../../Unreal Projects/Underwater/Content/StarterContent/Blueprints/Blueprint_Effect_Steam.uasset" 620
"../../../../Unreal Projects/Underwater/Content/StarterContent/Textures/T_Lamp_M.uasset" 621
"../../../../Unreal Projects/Underwater/Content/StarterContent/Textures/T_Lamp_N.uasset" 622
"../../../../Unreal Projects/Underwater/Content/StarterContent/Props/Materials/M_Lamp.uasset" 623
"../../../../Unreal Projects/Underwater/Content/StarterContent/Props/SM_Lamp_Ceiling.uasset" 624
"../../../../Unreal Projects/Underwater/Content/StarterContent/Blueprints/Blueprint_CeilingLight.uasset" 625
"../../../../Unreal Projects/Underwater/Content/StarterContent/Props/SM_Lamp_Wall.uasset" 626
"../../../../Unreal Projects/Underwater/Content/StarterContent/Blueprints/Blueprint_WallSconce.uasset" 627
"../../../../Unreal Projects/Underwater/Content/StarterContent/Maps/StarterMap_BuiltData.uasset" 628
"../../../Engine/Content/Functions/Engine_MaterialFunctions03/Procedurals/ComputeFilterWidth.uasset" 629
"../../../Engine/Content/EngineMaterials/AntiAliasedTextMaterialTranslucent.uasset" 630
"../../../../Unreal Projects/Underwater/Content/StarterContent/Textures/T_Brick_Clay_Beveled_D.uasset" 631
"../../../../Unreal Projects/Underwater/Content/StarterContent/Textures/T_Brick_Clay_Beveled_M.uasset" 632
"../../../../Unreal Projects/Underwater/Content/StarterContent/Textures/T_Brick_Clay_Beveled_N.uasset" 633
"../../../../Unreal Projects/Underwater/Content/StarterContent/Materials/M_Brick_Clay_Beveled.uasset" 634
"../../../../Unreal Projects/Underwater/Content/StarterContent/Textures/T_Brick_Clay_New_D.uasset" 635
"../../../../Unreal Projects/Underwater/Content/StarterContent/Textures/T_Brick_Clay_New_M.uasset" 636
"../../../../Unreal Projects/Underwater/Content/StarterContent/Textures/T_Brick_Clay_New_N.uasset" 637
"../../../../Unreal Projects/Underwater/Content/StarterContent/Materials/M_Brick_Clay_New.uasset" 638
"../../../../Unreal Projects/Underwater/Content/StarterContent/Textures/T_Brick_Clay_Old_D.uasset" 639
"../../../../Unreal Projects/Underwater/Content/StarterContent/Textures/T_Brick_Clay_Old_N.uasset" 640
"../../../../Unreal Projects/Underwater/Content/StarterContent/Textures/T_Perlin_Noise_M.uasset" 641
"../../../../Unreal Projects/Underwater/Content/StarterContent/Materials/M_Brick_Clay_Old.uasset" 642
"../../../../Unreal Projects/Underwater/Content/StarterContent/Textures/T_Brick_Cut_Stone_D.uasset" 643
"../../../../Unreal Projects/Underwater/Content/StarterContent/Textures/T_Brick_Cut_Stone_N.uasset" 644
"../../../../Unreal Projects/Underwater/Content/StarterContent/Materials/M_Brick_Cut_Stone.uasset" 645
"../../../../Unreal Projects/Underwater/Content/StarterContent/Textures/T_Brick_Hewn_Stone_D.uasset" 646
"../../../../Unreal Projects/Underwater/Content/StarterContent/Textures/T_Brick_Hewn_Stone_M.uasset" 647
"../../../../Unreal Projects/Underwater/Content/StarterContent/Textures/T_Brick_Hewn_Stone_N.uasset" 648
"../../../../Unreal Projects/Underwater/Content/StarterContent/Materials/M_Brick_Hewn_Stone.uasset" 649
"../../../../Unreal Projects/Underwater/Content/StarterContent/Textures/T_Ceramic_Tile_M.uasset" 650
"../../../../Unreal Projects/Underwater/Content/StarterContent/Textures/T_Ceramic_Tile_N.uasset" 651
"../../../../Unreal Projects/Underwater/Content/StarterContent/Textures/T_Rock_Marble_Polished_D.uasset" 652
"../../../../Unreal Projects/Underwater/Content/StarterContent/Materials/M_Ceramic_Tile_Checker.uasset" 653
"../../../../Unreal Projects/Underwater/Content/StarterContent/Textures/T_CobbleStone_Pebble_D.uasset" 654
"../../../../Unreal Projects/Underwater/Content/StarterContent/Textures/T_CobbleStone_Pebble_M.uasset" 655
"../../../../Unreal Projects/Underwater/Content/StarterContent/Textures/T_CobbleStone_Pebble_N.uasset" 656
"../../../../Unreal Projects/Underwater/Content/StarterContent/Materials/M_CobbleStone_Pebble.uasset" 657
"../../../../Unreal Projects/Underwater/Content/StarterContent/Textures/T_CobbleStone_Rough_D.uasset" 658
"../../../../Unreal Projects/Underwater/Content/StarterContent/Textures/T_CobbleStone_Rough_N.uasset" 659
"../../../../Unreal Projects/Underwater/Content/StarterContent/Textures/T_Gradinet_01.uasset" 660
"../../../../Unreal Projects/Underwater/Content/StarterContent/Textures/T_Rock_Smooth_Granite_D.uasset" 661
"../../../../Unreal Projects/Underwater/Content/StarterContent/Materials/M_CobbleStone_Rough.uasset" 662
"../../../../Unreal Projects/Underwater/Content/StarterContent/Textures/T_CobbleStone_Smooth_D.uasset" 663
"../../../../Unreal Projects/Underwater/Content/StarterContent/Textures/T_CobbleStone_Smooth_M.uasset" 664
"../../../../Unreal Projects/Underwater/Content/StarterContent/Textures/T_CobbleStone_Smooth_N.uasset" 665
"../../../../Unreal Projects/Underwater/Content/StarterContent/Materials/M_CobbleStone_Smooth.uasset" 666
"../../../../Unreal Projects/Underwater/Content/StarterContent/Textures/T_Concrete_Grime_D.uasset" 667
"../../../../Unreal Projects/Underwater/Content/StarterContent/Textures/T_Metal_Rust_N.uasset" 668
"../../../../Unreal Projects/Underwater/Content/StarterContent/Materials/M_Concrete_Grime.uasset" 669
"../../../../Unreal Projects/Underwater/Content/StarterContent/Textures/T_Concrete_Panels_D.uasset" 670
"../../../../Unreal Projects/Underwater/Content/StarterContent/Textures/T_Concrete_Panels_N.uasset" 671
"../../../../Unreal Projects/Underwater/Content/StarterContent/Materials/M_Concrete_Panels.uasset" 672
"../../../../Unreal Projects/Underwater/Content/StarterContent/Textures/T_Concrete_Poured_D.uasset" 673
"../../../../Unreal Projects/Underwater/Content/StarterContent/Textures/T_Concrete_Poured_N.uasset" 674
"../../../../Unreal Projects/Underwater/Content/StarterContent/Materials/M_Concrete_Poured.uasset" 675
"../../../../Unreal Projects/Underwater/Content/StarterContent/Textures/T_Concrete_Tiles_D.uasset" 676
"../../../../Unreal Projects/Underwater/Content/StarterContent/Textures/T_Concrete_Tiles_M.uasset" 677
"../../../../Unreal Projects/Underwater/Content/StarterContent/Textures/T_Concrete_Tiles_N.uasset" 678
"../../../../Unreal Projects/Underwater/Content/StarterContent/Textures/T_Concrete_Tiles_Variation_M.uasset" 679
"../../../../Unreal Projects/Underwater/Content/StarterContent/Materials/M_Concrete_Tiles.uasset" 680
"../../../../Unreal Projects/Underwater/Content/StarterContent/Textures/T_Ground_Grass_D.uasset" 681
"../../../../Unreal Projects/Underwater/Content/StarterContent/Textures/T_Ground_Grass_N.uasset" 682
"../../../../Unreal Projects/Underwater/Content/StarterContent/Materials/M_Ground_Grass.uasset" 683
"../../../../Unreal Projects/Underwater/Content/StarterContent/Textures/T_Ground_Gravel_D.uasset" 684
"../../../../Unreal Projects/Underwater/Content/StarterContent/Textures/T_Ground_Gravel_N.uasset" 685
"../../../../Unreal Projects/Underwater/Content/StarterContent/Materials/M_Ground_Gravel.uasset" 686
"../../../../Unreal Projects/Underwater/Content/StarterContent/Textures/T_ground_Moss_D.uasset" 687
"../../../../Unreal Projects/Underwater/Content/StarterContent/Textures/T_Ground_Moss_N.uasset" 688
"../../../../Unreal Projects/Underwater/Content/StarterContent/Materials/M_Ground_Moss.uasset" 689
"../../../../Unreal Projects/Underwater/Content/StarterContent/Textures/T_Metal_Aluminum_D.uasset" 690
"../../../../Unreal Projects/Underwater/Content/StarterContent/Materials/M_Metal_Burnished_Steel.uasset" 691
"../../../../Unreal Projects/Underwater/Content/StarterContent/Materials/M_Metal_Chrome.uasset" 692
"../../../../Unreal Projects/Underwater/Content/StarterContent/Textures/T_Metal_Gold_D.uasset" 693
"../../../../Unreal Projects/Underwater/Content/StarterContent/Materials/M_Metal_Gold.uasset" 694
"../../../../Unreal Projects/Underwater/Content/StarterContent/Textures/T_Metal_Rust_D.uasset" 695
"../../../../Unreal Projects/Underwater/Content/StarterContent/Materials/M_Metal_Rust.uasset" 696
"../../../../Unreal Projects/Underwater/Content/StarterContent/Textures/T_Metal_Steel_D.uasset" 697
"../../../../Unreal Projects/Underwater/Content/StarterContent/Textures/T_Metal_Steel_N.uasset" 698
"../../../../Unreal Projects/Underwater/Content/StarterContent/Materials/M_Metal_Steel.uasset" 699
"../../../../Unreal Projects/Underwater/Content/StarterContent/Textures/T_Rock_Basalt_N.uasset" 700
"../../../../Unreal Projects/Underwater/Content/StarterContent/Materials/M_Rock_Basalt.uasset" 701
"../../../../Unreal Projects/Underwater/Content/StarterContent/Materials/M_Rock_Marble_Polished.uasset" 702
"../../../../Unreal Projects/Underwater/Content/StarterContent/Textures/T_Rock_Sandstone_D.uasset" 703
"../../../../Unreal Projects/Underwater/Content/StarterContent/Textures/T_Rock_Sandstone_N.uasset" 704
"../../../../Unreal Projects/Underwater/Content/StarterContent/Materials/M_Rock_Sandstone.uasset" 705
"../../../../Unreal Projects/Underwater/Content/StarterContent/Textures/T_Rock_Slate_D.uasset" 706
"../../../../Unreal Projects/Underwater/Content/StarterContent/Textures/T_Rock_Slate_N.uasset" 707
"../../../../Unreal Projects/Underwater/Content/StarterContent/Materials/M_Rock_Slate.uasset" 708
"../../../../Unreal Projects/Underwater/Content/StarterContent/Textures/T_Checker_Noise_M.uasset" 709
"../../../../Unreal Projects/Underwater/Content/StarterContent/Textures/T_Single_Tile_N.uasset" 710
"../../../../Unreal Projects/Underwater/Content/StarterContent/Textures/T_Tech_Dot_M.uasset" 711
"../../../../Unreal Projects/Underwater/Content/StarterContent/Textures/T_Tech_Dot_N.uasset" 712
"../../../../Unreal Projects/Underwater/Content/StarterContent/Materials/M_Tech_Checker_Dot.uasset" 713
"../../../../Unreal Projects/Underwater/Content/StarterContent/Textures/T_Tech_Hex_Tile_M.uasset" 714
"../../../../Unreal Projects/Underwater/Content/StarterContent/Textures/T_Tech_Hex_Tile_N.uasset" 715
"../../../../Unreal Projects/Underwater/Content/StarterContent/Materials/M_Tech_Hex_Tile.uasset" 716
"../../../../Unreal Projects/Underwater/Content/StarterContent/Materials/M_Tech_Hex_Tile_Pulse.uasset" 717
"../../../../Unreal Projects/Underwater/Content/StarterContent/Textures/T_Tech_Panel_M.uasset" 718
"../../../../Unreal Projects/Underwater/Content/StarterContent/Textures/T_Tech_Panel_N.uasset" 719
"../../../../Unreal Projects/Underwater/Content/StarterContent/Materials/M_Tech_Panel.uasset" 720
"../../../../Unreal Projects/Underwater/Content/StarterContent/Materials/M_Water_Lake.uasset" 721
"../../../../Unreal Projects/Underwater/Content/StarterContent/Textures/T_Water_M.uasset" 722
"../../../../Unreal Projects/Underwater/Content/StarterContent/Materials/M_Water_Ocean.uasset" 723
"../../../../Unreal Projects/Underwater/Content/StarterContent/Textures/T_Wood_Floor_Walnut_D.uasset" 724
"../../../../Unreal Projects/Underwater/Content/StarterContent/Textures/T_Wood_Floor_Walnut_M.uasset" 725
"../../../../Unreal Projects/Underwater/Content/StarterContent/Textures/T_Wood_Floor_Walnut_N.uasset" 726
"../../../../Unreal Projects/Underwater/Content/StarterContent/Materials/M_Wood_Floor_Walnut_Polished.uasset" 727
"../../../Engine/Content/Functions/Engine_MaterialFunctions01/Opacity/AlphaOffset.uasset" 728
"../../../../Unreal Projects/Underwater/Content/StarterContent/Materials/M_Wood_Floor_Walnut_Worn.uasset" 729
"../../../../Unreal Projects/Underwater/Content/StarterContent/Textures/T_Wood_Oak_D.uasset" 730
"../../../../Unreal Projects/Underwater/Content/StarterContent/Textures/T_Wood_Oak_N.uasset" 731
"../../../../Unreal Projects/Underwater/Content/StarterContent/Materials/M_Wood_Oak.uasset" 732
"../../../../Unreal Projects/Underwater/Content/StarterContent/Textures/T_Wood_Pine_D.uasset" 733
"../../../../Unreal Projects/Underwater/Content/StarterContent/Textures/T_Wood_Pine_N.uasset" 734
"../../../../Unreal Projects/Underwater/Content/StarterContent/Materials/M_Wood_Pine.uasset" 735
"../../../../Unreal Projects/Underwater/Content/StarterContent/Textures/T_Wood_Walnut_D.uasset" 736
"../../../../Unreal Projects/Underwater/Content/StarterContent/Textures/T_Wood_Walnut_N.uasset" 737
"../../../../Unreal Projects/Underwater/Content/StarterContent/Materials/M_Wood_Walnut.uasset" 738
"../../../../Unreal Projects/Underwater/Content/StarterContent/Architecture/Wall_400x200.uasset" 739
"../../../../Unreal Projects/Underwater/Content/StarterContent/Audio/Collapse_Cue.uasset" 740
"../../../../Unreal Projects/Underwater/Content/StarterContent/Audio/Starter_Music01.uasset" 741
"../../../../Unreal Projects/Underwater/Content/StarterContent/Audio/Starter_Music_Cue.uasset" 742
"../../../../Unreal Projects/Underwater/Content/StarterContent/Textures/T_Dust_Particle_D.uasset" 743
"../../../../Unreal Projects/Underwater/Content/StarterContent/Particles/Materials/M_Dust_Particle.uasset" 744
"../../../../Unreal Projects/Underwater/Content/StarterContent/Particles/P_Ambient_Dust.uasset" 745
"../../../../Unreal Projects/Underwater/Content/StarterContent/Props/MaterialSphere.uasset" 746
"../../../../Unreal Projects/Underwater/Content/StarterContent/Props/SM_Chair.uasset" 747
"../../../../Unreal Projects/Underwater/Content/StarterContent/Textures/T_Frame_M.uasset" 748
"../../../../Unreal Projects/Underwater/Content/StarterContent/Textures/T_Frame_N.uasset" 749
"../../../../Unreal Projects/Underwater/Content/StarterContent/Props/Materials/M_Frame.uasset" 750
"../../../../Unreal Projects/Underwater/Content/StarterContent/Props/SM_CornerFrame.uasset" 751
"../../../../Unreal Projects/Underwater/Content/StarterContent/Props/SM_DoorFrame.uasset" 752
"../../../../Unreal Projects/Underwater/Content/StarterContent/Props/SM_GlassWindow.uasset" 753
"../../../../Unreal Projects/Underwater/Content/StarterContent/Props/SM_PillarFrame.uasset" 754
"../../../../Unreal Projects/Underwater/Content/StarterContent/Props/SM_PillarFrame300.uasset" 755
"../../../../Unreal Projects/Underwater/Content/StarterContent/Textures/T_Statue_M.uasset" 756
"../../../../Unreal Projects/Underwater/Content/StarterContent/Textures/T_Statue_N.uasset" 757
"../../../../Unreal Projects/Underwater/Content/StarterContent/Props/Materials/M_Statue.uasset" 758
"../../../../Unreal Projects/Underwater/Content/StarterContent/Props/Materials/M_StatueGlass.uasset" 759
"../../../../Unreal Projects/Underwater/Content/StarterContent/Props/SM_Statue.uasset" 760
"../../../../Unreal Projects/Underwater/Content/StarterContent/Textures/T_TableRound_M.uasset" 761
"../../../../Unreal Projects/Underwater/Content/StarterContent/Textures/T_TableRound_N.uasset" 762
"../../../../Unreal Projects/Underwater/Content/StarterContent/Props/Materials/M_TableRound.uasset" 763
"../../../../Unreal Projects/Underwater/Content/StarterContent/Props/SM_TableRound.uasset" 764
"../../../../Unreal Projects/Underwater/Content/StarterContent/Props/SM_WindowFrame.uasset" 765
"../../../../Unreal Projects/Underwater/Content/StarterContent/Shapes/Shape_Cube.uasset" 766
"../../../../Unreal Projects/Underwater/Content/StarterContent/Shapes/Shape_QuadPyramid.uasset" 767
"../../../../Unreal Projects/Underwater/Content/StarterContent/Shapes/Shape_Sphere.uasset" 768
"../../../../Unreal Projects/Underwater/Content/StarterContent/Maps/StarterMap.umap" 769
"../../../../Unreal Projects/Underwater/Content/StarterContent/ThirdPersonBP/Maps/ThirdPersonExampleMap_BuiltData.uasset" 770
"../../../../Unreal Projects/Underwater/Content/StarterContent/Geometry/Meshes/CubeMaterial.uasset" 771
"../../../../Unreal Projects/Underwater/Content/StarterContent/Geometry/Meshes/1M_Cube.uasset" 772
"../../../../Unreal Projects/Underwater/Content/StarterContent/Geometry/Meshes/1M_Cube_Chamfer.uasset" 773
"../../../../Unreal Projects/Underwater/Content/StarterContent/Geometry/Meshes/TemplateFloor.uasset" 774
"../../../../Unreal Projects/Underwater/Content/StarterContent/ThirdPerson/Meshes/RampMaterial.uasset" 775
"../../../../Unreal Projects/Underwater/Content/StarterContent/ThirdPerson/Meshes/Bump_StaticMesh.uasset" 776
"../../../../Unreal Projects/Underwater/Content/StarterContent/ThirdPerson/Meshes/LeftArm_StaticMesh.uasset" 777
"../../../../Unreal Projects/Underwater/Content/StarterContent/ThirdPerson/Meshes/Linear_Stair_StaticMesh.uasset" 778
"../../../../Unreal Projects/Underwater/Content/StarterContent/ThirdPerson/Meshes/Ramp_StaticMesh.uasset" 779
"../../../../Unreal Projects/Underwater/Content/StarterContent/ThirdPerson/Meshes/RightArm_StaticMesh.uasset" 780
"../../../../Unreal Projects/Underwater/Content/StarterContent/ThirdPersonBP/Maps/ThirdPersonExampleMap.umap" 781
"../../../../Unreal Projects/Underwater/Content/_Marvelmaster_infinite_reactive_water_/ThirdPersonBP/Mannequin/Animations/ThirdPerson_Jump.uasset" 782
"../../../../Unreal Projects/Underwater/Content/_Marvelmaster_infinite_reactive_water_/ThirdPersonBP/Mannequin/Animations/ThirdPersonJump_Loop.uasset" 783
"../../../../Unreal Projects/Underwater/Content/_Marvelmaster_infinite_reactive_water_/ThirdPersonBP/Mannequin/Animations/ThirdPersonJump_Start.uasset" 784
"../../../../Unreal Projects/Underwater/Content/_Marvelmaster_infinite_reactive_water_/ThirdPersonBP/Mannequin/Animations/ThirdPersonIdle.uasset" 785
"../../../../Unreal Projects/Underwater/Content/_Marvelmaster_infinite_reactive_water_/ThirdPersonBP/Mannequin/Animations/ThirdPersonRun.uasset" 786
"../../../../Unreal Projects/Underwater/Content/_Marvelmaster_infinite_reactive_water_/ThirdPersonBP/Mannequin/Character/MOB1_Jog_F_IPC.uasset" 787
"../../../../Unreal Projects/Underwater/Content/_Marvelmaster_infinite_reactive_water_/ThirdPersonBP/Mannequin/Character/MOB1_Run_F_IPC.uasset" 788
"../../../../Unreal Projects/Underwater/Content/_Marvelmaster_infinite_reactive_water_/ThirdPersonBP/Mannequin/Character/MOB1_Walk_F_IPC.uasset" 789
"../../../../Unreal Projects/Underwater/Content/_Marvelmaster_infinite_reactive_water_/ThirdPersonBP/Mannequin/Animations/Water_TP_IdleRun_2D.uasset" 790
"../../../../Unreal Projects/Underwater/Content/_Marvelmaster_infinite_reactive_water_/ThirdPersonBP/Mannequin/Animations/Water_TP_AnimBP.uasset" 791
"../../../../Unreal Projects/Underwater/Content/_Marvelmaster_infinite_reactive_water_/ThirdPersonBP/Mannequin/Character/MOB1_Stand_Relaxed_Death_B_IPC.uasset" 792
"../../../../Unreal Projects/Underwater/Content/_Marvelmaster_infinite_reactive_water_/ThirdPersonBP/Mannequin/Character/MOB1_Stand_Relaxed_Death_B_IPC_Montage.uasset" 793
"../../../../Unreal Projects/Underwater/Content/_Marvelmaster_infinite_reactive_water_/Meshes/Sphere.uasset" 794
"../../../../Unreal Projects/Underwater/Content/_Marvelmaster_infinite_reactive_water_/Meshes/Splash.uasset" 795
"../../../../Unreal Projects/Underwater/Content/_Marvelmaster_infinite_reactive_water_/Particles/Splash_PS.uasset" 796
"../../../../Unreal Projects/Underwater/Content/_Marvelmaster_infinite_reactive_water_/ThirdPersonBP/Mannequin/Character/Materials/MaterialLayers/T_ML_Rubber_Blue_01_D.uasset" 797
"../../../../Unreal Projects/Underwater/Content/_Marvelmaster_infinite_reactive_water_/ThirdPersonBP/Mannequin/Character/Materials/MaterialLayers/T_ML_Rubber_Blue_01_N.uasset" 798
"../../../../Unreal Projects/Underwater/Content/_Marvelmaster_infinite_reactive_water_/ThirdPersonBP/Mannequin/Character/Materials/MaterialLayers/ML_GlossyBlack_Latex_UE4.uasset" 799
"../../../../Unreal Projects/Underwater/Content/_Marvelmaster_infinite_reactive_water_/ThirdPersonBP/Mannequin/Character/Materials/MaterialLayers/ML_Plastic_Shiny_Beige.uasset" 800
"../../../../Unreal Projects/Underwater/Content/_Marvelmaster_infinite_reactive_water_/ThirdPersonBP/Mannequin/Character/Textures/UE4_LOGO_CARD.uasset" 801
"../../../../Unreal Projects/Underwater/Content/_Marvelmaster_infinite_reactive_water_/ThirdPersonBP/Mannequin/Character/Materials/MaterialLayers/ML_Plastic_Shiny_Beige_LOGO.uasset" 802
"../../../../Unreal Projects/Underwater/Content/_Marvelmaster_infinite_reactive_water_/ThirdPersonBP/Mannequin/Character/Materials/MaterialLayers/T_ML_Aluminum01.uasset" 803
"../../../../Unreal Projects/Underwater/Content/_Marvelmaster_infinite_reactive_water_/ThirdPersonBP/Mannequin/Character/Materials/MaterialLayers/T_ML_Aluminum01_N.uasset" 804
"../../../../Unreal Projects/Underwater/Content/_Marvelmaster_infinite_reactive_water_/ThirdPersonBP/Mannequin/Character/Materials/MaterialLayers/ML_SoftMetal_UE4.uasset" 805
"../../../../Unreal Projects/Underwater/Content/_Marvelmaster_infinite_reactive_water_/ThirdPersonBP/Mannequin/Character/Textures/UE4_Mannequin__normals.uasset" 806
"../../../../Unreal Projects/Underwater/Content/_Marvelmaster_infinite_reactive_water_/ThirdPersonBP/Mannequin/Character/Textures/UE4_Mannequin_MAT_MASKA.uasset" 807
"../../../../Unreal Projects/Underwater/Content/_Marvelmaster_infinite_reactive_water_/ThirdPersonBP/Mannequin/Character/Materials/M_UE4Man_Body.uasset" 808
"../../../../Unreal Projects/Underwater/Content/_Marvelmaster_infinite_reactive_water_/ThirdPersonBP/Mannequin/Character/Textures/UE4Man_Logo_N.uasset" 809
"../../../../Unreal Projects/Underwater/Content/_Marvelmaster_infinite_reactive_water_/ThirdPersonBP/Mannequin/Character/Materials/M_UE4Man_ChestLogo.uasset" 810
"../../../../Unreal Projects/Underwater/Content/_Marvelmaster_infinite_reactive_water_/ThirdPersonBP/Mannequin/Character/Mesh/Water_SK_Mannequin_PhysicsAsset.uasset" 811
"../../../../Unreal Projects/Underwater/Content/_Marvelmaster_infinite_reactive_water_/ThirdPersonBP/Mannequin/Character/Mesh/Water_SK_Mannequin.uasset" 812
"../../../../Unreal Projects/Underwater/Content/_Marvelmaster_infinite_reactive_water_/ThirdPersonBP/Blueprints/WaterTPCharacter.uasset" 813
"../../../../Unreal Projects/Underwater/Content/_Marvelmaster_infinite_reactive_water_/ThirdPersonBP/Blueprints/WaterTPGameMode.uasset" 814
"../../../../Unreal Projects/Underwater/Content/_Marvelmaster_infinite_reactive_water_/Materials/BasicMaterials/grey_mat.uasset" 815
"../../../../Unreal Projects/Underwater/Content/_Marvelmaster_infinite_reactive_water_/Materials/BasicMaterials/invisible_mat.uasset" 816
"../../../../Unreal Projects/Underwater/Content/_Marvelmaster_infinite_reactive_water_/Maps/DynamicWaterFillingExample.umap" 817
"../../../../Unreal Projects/Underwater/Content/_Marvelmaster_infinite_reactive_water_/Textures/sand_01_Base_Color.uasset" 818
"../../../../Unreal Projects/Underwater/Content/_Marvelmaster_infinite_reactive_water_/Textures/sand_01_Normal.uasset" 819
"../../../../Unreal Projects/Underwater/Content/_Marvelmaster_infinite_reactive_water_/Materials/BasicMaterials/sand_mat.uasset" 820
"../../../../Unreal Projects/Underwater/Content/_Marvelmaster_infinite_reactive_water_/Materials/BasicMaterials/sand_mat_Inst_giant.uasset" 821
"../../../../Unreal Projects/Underwater/Content/_Marvelmaster_infinite_reactive_water_/Maps/ReactiveWater_Giant.umap" 822
"../../../../Unreal Projects/Underwater/Content/_Marvelmaster_infinite_reactive_water_/Blueprints/ImpactAtLocation_BP.uasset" 823
"../../../../Unreal Projects/Underwater/Content/_Marvelmaster_infinite_reactive_water_/Blueprints/RainAtLocation_BP.uasset" 824
"../../../../Unreal Projects/Underwater/Content/_Marvelmaster_infinite_reactive_water_/Materials/DebugMaterials/RainIndicator_mat.uasset" 825
"../../../../Unreal Projects/Underwater/Content/_Marvelmaster_infinite_reactive_water_/Meshes/Cylinder.uasset" 826
"../../../../Unreal Projects/Underwater/Content/_Marvelmaster_infinite_reactive_water_/Textures/RainDrop.uasset" 827
"../../../../Unreal Projects/Underwater/Content/_Marvelmaster_infinite_reactive_water_/Materials/ComputeMaterials_and_RenderTargets/Raint_Mat.uasset" 828
"../../../../Unreal Projects/Underwater/Content/_Marvelmaster_infinite_reactive_water_/Particles/Rain_PS.uasset" 829
"../../../../Unreal Projects/Underwater/Content/_Marvelmaster_infinite_reactive_water_/Blueprints/GPU_Particle_Rain_BP.uasset" 830
"../../../../Unreal Projects/Underwater/Content/_Marvelmaster_infinite_reactive_water_/Maps/ReactiveWater_Showcase_BuiltData.uasset" 831
"../../../../Unreal Projects/Underwater/Content/_Marvelmaster_infinite_reactive_water_/Textures/cobble_d.uasset" 832
"../../../../Unreal Projects/Underwater/Content/_Marvelmaster_infinite_reactive_water_/Textures/cobble_n.uasset" 833
"../../../../Unreal Projects/Underwater/Content/_Marvelmaster_infinite_reactive_water_/Materials/BasicMaterials/cobble_mat.uasset" 834
"../../../../Unreal Projects/Underwater/Content/_Marvelmaster_infinite_reactive_water_/Materials/DebugMaterials/debug_mat_red.uasset" 835
"../../../../Unreal Projects/Underwater/Content/_Marvelmaster_infinite_reactive_water_/Materials/BasicMaterials/sand_mat_Inst.uasset" 836
"../../../../Unreal Projects/Underwater/Content/_Marvelmaster_infinite_reactive_water_/Materials/WaterMaterial_Inst_green.uasset" 837
"../../../../Unreal Projects/Underwater/Content/_Marvelmaster_infinite_reactive_water_/Materials/WaterMaterial_Inst_milk.uasset" 838
"../../../../Unreal Projects/Underwater/Content/_Marvelmaster_infinite_reactive_water_/Materials/WaterMaterial_Inst_red.uasset" 839
"../../../Engine/Content/EngineMaterials/DefaultPhysicalMaterial.uasset" 840
"../../../../Unreal Projects/Underwater/Content/_Marvelmaster_infinite_reactive_water_/Meshes/WaterPlaneForDisplacement_260kV.uasset" 841
"../../../../Unreal Projects/Underwater/Content/_Marvelmaster_infinite_reactive_water_/Particles/399157__strathamer__rainy-day.uasset" 842
"../../../../Unreal Projects/Underwater/Content/_Marvelmaster_infinite_reactive_water_/Materials/ParticleMaterials/Rainfall_mat.uasset" 843
"../../../../Unreal Projects/Underwater/Content/_Marvelmaster_infinite_reactive_water_/Particles/Rainfall_ps.uasset" 844
"../../../../Unreal Projects/Underwater/Content/_Marvelmaster_infinite_reactive_water_/Textures/ShapeMasks/ZeldaMask.uasset" 845
"../../../../Unreal Projects/Underwater/Content/_Marvelmaster_infinite_reactive_water_/Maps/ReactiveWater_Showcase.umap" 846
"../../../Engine/Content/Maps/Entry_BuiltData.uasset" 847
"../../../Engine/Content/Maps/Entry.umap" 848
